[13:53:30.815] tx sent: 0x2f5b0241e61524dbfc635b085bd6df77fe7f61a7bd66877eafb4aff8fe8af7f1
[13:53:31.815] waiting for contract [OptimismPortal] to be deployed
[13:53:32.816] waiting for contract [OptimismPortal] to be deployed
[13:53:33.816] waiting for contract [OptimismPortal] to be deployed
[13:53:34.817] waiting for contract [OptimismPortal] to be deployed
[13:53:35.818] waiting for contract [OptimismPortal] to be deployed
[13:53:36.819] waiting for contract [OptimismPortal] to be deployed
[13:53:37.819] waiting for contract [OptimismPortal] to be deployed
[13:53:38.819] waiting for contract [OptimismPortal] to be deployed
[13:53:39.820] waiting for contract [OptimismPortal] to be deployed
[13:53:40.821] waiting for contract [OptimismPortal] to be deployed
[13:53:41.821] waiting for contract [OptimismPortal] to be deployed
[13:53:42.823] waiting for contract [OptimismPortal] to be deployed
[13:53:43.823] waiting for contract [OptimismPortal] to be deployed
[13:53:44.824] waiting for contract [OptimismPortal] to be deployed
[13:53:45.825] waiting for contract [OptimismPortal] to be deployed
[13:53:46.826] waiting for contract [OptimismPortal] to be deployed
[13:53:47.827] waiting for contract [OptimismPortal] to be deployed
[13:53:48.828] waiting for contract [OptimismPortal] to be deployed
[13:53:49.828] waiting for contract [OptimismPortal] to be deployed
[13:53:50.828] waiting for contract [OptimismPortal] to be deployed
[13:53:51.829] waiting for contract [OptimismPortal] to be deployed
[13:53:52.831] waiting for contract [OptimismPortal] to be deployed
[13:53:53.831] waiting for contract [OptimismPortal] to be deployed
[13:53:53.832] found contract [OptimismPortal]
portal created
User nonce:  1
[13:53:53.834] deposit tx sent: 0xa29d25e15f43bff72a976979b748e89c2c39c6850e809f7f26ca607e26fa68c9
[13:53:54.835] waiting for receipt [depositTx] to be mined
[13:53:54.836] found receipt [depositTx]
[13:53:54.836] deposit receipt:

{
  "root": "0x0fb2f98bc0e1b5482d292cc18f05895a7b26bd37f2056d876f10772dcee922ce",
  "status": "0x1",
  "cumulativeGasUsed": "0x4401f",
  "logsBloom": "0x00000000000000000200000000000000000000000000000000000000000000000000000000000000000000000000000000000100000000000000000000000000000000000000000000000002000000000000000000000000000000000000000000000000020000000000000000000800000000002000000000000000000000000000000000000000000000000000000000000080000000000000000000000000000000000000000000000000000000000000000008000000000400000000000000000000000000000000000000000000000000000000000000000000000020000000000000000000000000002000000000000000080000000000000000000000",
  "logs": [
    {
      "address": "0xee915f299a6d1eff68c6ea22e5f93cfd551936f3",
      "topics": [
        "0xb3813568d9991fc951961fcb4c784893574240a28925604d09fc577c55bb7c32",
        "0x0000000000000000000000004408a2504736a48781d977db750d1e3ff49f86e1",
        "0x0000000000000000000000004408a2504736a48781d977db750d1e3ff49f86e1",
        "0x0000000000000000000000000000000000000000000000000000000000000000"
      ],
      "data": "0x000000000000000000000000000000000000000000000000000000000000002000000000000000000000000000000000000000000000000000000000000000490000000000000000000000000000000000000000000000000de0b6b3a764000000000000000000000000000000000000000000000000000006f05b59d3b20000000000000003d090000000000000000000000000000000000000000000000000",
      "blockNumber": "0x1c",
      "transactionHash": "0xa29d25e15f43bff72a976979b748e89c2c39c6850e809f7f26ca607e26fa68c9",
      "transactionIndex": "0x0",
      "blockHash": "0x6a3599fcadbbda8823d45a5e28244e03eb5f4aafe9524fd139df63ce3da71689",
      "logIndex": "0x0",
      "removed": false
    }
  ],
  "transactionHash": "0xa29d25e15f43bff72a976979b748e89c2c39c6850e809f7f26ca607e26fa68c9",
  "contractAddress": "0x0000000000000000000000000000000000000000",
  "gasUsed": "0x4401f",
  "effectiveGasPrice": "0x5e8b3609",
  "blobGasPrice": "0x1",
  "blockHash": "0x6a3599fcadbbda8823d45a5e28244e03eb5f4aafe9524fd139df63ce3da71689",
  "blockNumber": "0x1c",
  "transactionIndex": "0x0"
}
