[12:14:16.326] Compiling 61 files with Solc 0.8.19
[12:14:16.327] Compiling 201 files with Solc 0.8.15
[12:14:16.327] Compiling 1 files with Solc 0.5.17
[12:14:16.368] Solc 0.5.17 finished in 41.00ms
[12:14:18.004] Solc 0.8.19 finished in 1.68s
[12:14:34.875] Solc 0.8.15 finished in 18.55s
[12:14:35.796] Compiler run successful!
[12:14:36.681] EIP-3855 is not supported in one or more of the RPCs used.
[12:14:36.681] Unsupported Chain IDs: 31337.
[12:14:36.681] Contracts deployed with a Solidity version equal or higher than 0.8.20 might not work properly.
[12:14:36.681] For more information, please see https://eips.ethereum.org/EIPS/eip-3855
[12:14:36.681] Script ran successfully.
[12:14:36.681] 
[12:14:36.681] == Logs ==
[12:14:36.681]   Connected to network with chainid 31337
[12:14:36.681]   Storing temp deployment data in /home/colin/nm/polymerdao/monomer/e2e/optimism/packages/contracts-bedrock/deployments/hardhat/.deploy
[12:14:36.681]   DeployConfig: reading file /home/colin/nm/polymerdao/monomer/e2e/optimism/packages/contracts-bedrock/deploy-config/hardhat.json
[12:14:36.681]   Deploying from Deploy
[12:14:36.681]   Deployment context: hardhat
[12:14:36.681]   Deploying a fresh OP Stack including SuperchainConfig
[12:14:36.681]   Deploying Safe
[12:14:36.681]   New SystemOwnerSafe deployed at 0x4eF396A957b0EecDbb77aB0423de0B110BC2b2AC
[12:14:36.681]   Setting up Superchain
[12:14:36.681]   Deploying AddressManager
[12:14:36.681]   AddressManager deployed at 0xF1192Ce0eE305AAF0bbf8778e4A5BeBC0fCfAc25
[12:14:36.681]   Deploying ProxyAdmin
[12:14:36.681]   ProxyAdmin deployed at 0x7a003948Dc529D3966Af9C25dbEe18BD363EBdeD
[12:14:36.681]   ProxyAdmin ownership transferred to Safe at: 0x4eF396A957b0EecDbb77aB0423de0B110BC2b2AC
[12:14:36.681]   Deploying ERC1967 proxy forSuperchainConfigProxy
[12:14:36.681]      at 0xbd2848aa7bA125Bed31ce0b2b05B8359266CB12b
[12:14:36.681]   SuperchainConfig deployed at 0x068E44eB31e111028c41598E4535be7468674D0A
[12:14:36.681]   Running chain assertions on the SuperchainConfig
[12:14:36.681]   Deploying ERC1967 proxy forProtocolVersionsProxy
[12:14:36.681]      at 0xB2eE1CD72F8E6d33538bA562B1141C89f286EA4C
[12:14:36.681]   Deploying ProtocolVersions implementation
[12:14:36.681]   ProtocolVersions deployed at 0xfbfD64a6C0257F613feFCe050Aa30ecC3E3d7C3F
[12:14:36.681]   Running chain assertions on the ProtocolVersions
[12:14:36.681]   Upgrading and initializing ProtocolVersions proxy
[12:14:36.681]   ProtocolVersions version: 1.0.0
[12:14:36.681]   Running chain assertions on the ProtocolVersions
[12:14:36.681]   Deploying OP Chain
[12:14:36.681]   Deploying proxies
[12:14:36.681]   Deploying ERC1967 proxy forOptimismPortalProxy
[12:14:36.681]      at 0xEE915F299A6d1eFf68c6EA22E5f93cFD551936F3
[12:14:36.681]   Deploying ERC1967 proxy forL2OutputOracleProxy
[12:14:36.681]      at 0x94160CaFc1bA404Da309Ce37D5be3d317fA72e95
[12:14:36.681]   Deploying ERC1967 proxy forSystemConfigProxy
[12:14:36.681]      at 0x459242AF21390cDA6837Fc261274FBe40A33FAc3
[12:14:36.681]   Deploying proxy for L1StandardBridge
[12:14:36.681]   L1StandardBridgeProxy deployed at 0x3116f638C14d6c7ee2943fcad8aF157169548544
[12:14:36.681]   Deploying proxy for L1CrossDomainMessenger
[12:14:36.681]   L1CrossDomainMessengerProxy deployed at 0x8D10aA72F538672330060F1Da503804B7A91441D
[12:14:36.681]   Deploying ERC1967 proxy forOptimismMintableERC20FactoryProxy
[12:14:36.681]      at 0xe9F0fb1DD35f7833C42ea605E178dfa59559ae39
[12:14:36.681]   Deploying ERC1967 proxy forL1ERC721BridgeProxy
[12:14:36.681]      at 0x3180c679372197e4487f3152e51D646d1e1BdAD2
[12:14:36.681]   Deploying ERC1967 proxy forDisputeGameFactoryProxy
[12:14:36.681]      at 0x13E263172E8973450DE0112D56694079dBdb0d95
[12:14:36.681]   Transferring AddressManager ownership to ProxyAdmin
[12:14:36.681]   AddressManager ownership transferred to 0x7a003948Dc529D3966Af9C25dbEe18BD363EBdeD
[12:14:36.681]   Deploying implementations
[12:14:36.681]   Deploying OptimismPortal implementation
[12:14:36.681]   OptimismPortal deployed at 0x47Dd714d6062BDc1433825Bb932f3e4a4FffCa13
[12:14:36.681]   Running chain assertions on the OptimismPortal
[12:14:36.681]   Guardian has no code: 0x9965507D1a55bcC2695C58ba16FB37d819B0A4dc
[12:14:36.681]   Deploying L1CrossDomainMessenger implementation
[12:14:36.681]   L1CrossDomainMessenger deployed at 0xEf4e79b1151e3a8c70d6e47a989C554A1D8B9257
[12:14:36.681]   Running chain assertions on the L1CrossDomainMessenger
[12:14:36.682]   Deploying L2OutputOracle implementation
[12:14:36.682]   L2OutputOracle deployed at 0x1B9F0e648A0A4780120A6Cd07B952F76560c8F8b
[12:14:36.682]   Running chain assertions on the L2OutputOracle
[12:14:36.682]   Deploying OptimismMintableERC20Factory implementation
[12:14:36.682]   OptimismMintableERC20Factory deployed at 0xAd25F10eeC67Cc91Ce492680Bc71A6b92D069ed0
[12:14:36.682]   Running chain assertions on the OptimismMintableERC20Factory
[12:14:36.682]   Deploying SystemConfig implementation
[12:14:36.682]   SystemConfig deployed at 0xdb69326a379d4Ba190bCcC217708083d0E3784f9
[12:14:36.682]   Running chain assertions on the SystemConfig
[12:14:36.682]   Deploying L1StandardBridge implementation
[12:14:36.682]   L1StandardBridge deployed at 0x79bF592eB4C0e5E90e6015D194204264C89928eE
[12:14:36.682]   Running chain assertions on the L1StandardBridge
[12:14:36.682]   Deploying L1ERC721Bridge implementation
[12:14:36.682]   L1ERC721Bridge deployed at 0x14B97665a2C51d18AD76517e2aC7a995BEEFbCfC
[12:14:36.682]   Running chain assertions on the L1ERC721Bridge
[12:14:36.682]   Initializing implementations
[12:14:36.682]   Upgrading and initializing SystemConfig proxy
[12:14:36.682]   SystemConfig version: 1.11.0
[12:14:36.682]   Running chain assertions on the SystemConfig
[12:14:36.682]   Upgrading and initializing L1StandardBridge proxy
[12:14:36.682]   L1StandardBridge version: 2.0.0
[12:14:36.682]   Running chain assertions on the L1StandardBridge
[12:14:36.682]   Upgrading and initializing L1ERC721Bridge proxy
[12:14:36.682]   L1ERC721Bridge version: 2.0.0
[12:14:36.682]   Running chain assertions on the L1ERC721Bridge
[12:14:36.682]   Upgrading and initializing OptimismMintableERC20Factory proxy
[12:14:36.682]   OptimismMintableERC20Factory version: 1.8.0
[12:14:36.682]   Running chain assertions on the OptimismMintableERC20Factory
[12:14:36.682]   Upgrading and initializing L1CrossDomainMessenger proxy
[12:14:36.682]   L1CrossDomainMessenger version: 2.1.1
[12:14:36.682]   Running chain assertions on the L1CrossDomainMessenger
[12:14:36.682]   Upgrading and initializing L2OutputOracle proxy
[12:14:36.682]   L2OutputOracle version: 1.7.0
[12:14:36.682]   Running chain assertions on the L2OutputOracle
[12:14:36.682]   Upgrading and initializing OptimismPortal proxy
[12:14:36.682]   OptimismPortal version: 2.3.0
[12:14:36.682]   Running chain assertions on the OptimismPortal
[12:14:36.682]   Guardian has no code: 0x9965507D1a55bcC2695C58ba16FB37d819B0A4dc
[12:14:36.682] 
[12:14:36.682] ## Setting up 1 EVM.
[12:14:36.700] 
[12:14:36.700] ==========================
[12:14:36.700] 
[12:14:36.700] Chain 31337
[12:14:36.700] 
[12:14:36.700] Estimated gas price: 0.138445208 gwei
[12:14:36.700] 
[12:14:36.700] Estimated total gas used for script: 40158550
[12:14:36.700] 
[12:14:36.700] Estimated amount required: 0.0055597588077284 ETH
[12:14:36.700] 
[12:14:36.700] ==========================
[12:14:36.701] ##
[12:14:36.701] Sending transactions [0 - 40].
[12:14:36.746] ##
[12:14:36.746] Waiting for receipts.
[12:14:37.505] 
[12:14:37.505] ##### anvil-hardhat
[12:14:37.505] ✅  [Success]Hash: 0xb5a9cc4703eae6caa1a9f90efe3d9c0b65418796fa4c06803f421fa5806cebbe
[12:14:37.505] Contract Address: 0x3166d98cd394A845CD88612de10F043dDc02D5A1
[12:14:37.505] Block: 21
[12:14:37.505] Paid: 0.00003827421609066 ETH (552915 gas * 0.069222604 gwei)
[12:14:37.505] 
[12:14:37.505] 
[12:14:37.505] ##### anvil-hardhat
[12:14:37.505] ✅  [Success]Hash: 0x1f4f5b07fc15df22edaf6216cb190019f2fc8721c101d4e3de1130336606e52a
[12:14:37.505] Contract Address: 0x476E120008B14Cb92cff7101B32977155918AC87
[12:14:37.505] Block: 21
[12:14:37.505] Paid: 0.00025547605733958 ETH (3690645 gas * 0.069222604 gwei)
[12:14:37.505] 
[12:14:37.505] 
[12:14:37.505] ##### anvil-hardhat
[12:14:37.505] ✅  [Success]Hash: 0x51363230ca59e0cd02aa36e0d54df92a91ba5fe6c8f777eabef2d374210ade7b
[12:14:37.505] Block: 21
[12:14:37.505] Paid: 0.00001563115620924 ETH (225810 gas * 0.069222604 gwei)
[12:14:37.505] 
[12:14:37.505] 
[12:14:37.505] ##### anvil-hardhat
[12:14:37.505] ✅  [Success]Hash: 0xc82c127d5276a28d7a8acba5fd7a51a418b543d4c1f690e0cc5b753cd3786cba
[12:14:37.505] Contract Address: 0xF1192Ce0eE305AAF0bbf8778e4A5BeBC0fCfAc25
[12:14:37.505] Block: 21
[12:14:37.505] Paid: 0.000028019648756704 ETH (404776 gas * 0.069222604 gwei)
[12:14:37.505] 
[12:14:37.505] 
[12:14:37.505] ##### anvil-hardhat
[12:14:37.505] ✅  [Success]Hash: 0xe8e12b48193214e3a57141ada840825fb4db170d9f483e6393e02ad6da84ecbd
[12:14:37.505] Contract Address: 0x7a003948Dc529D3966Af9C25dbEe18BD363EBdeD
[12:14:37.505] Block: 21
[12:14:37.505] Paid: 0.000102723644654444 ETH (1483961 gas * 0.069222604 gwei)
[12:14:37.505] 
[12:14:37.505] 
[12:14:37.505] ##### anvil-hardhat
[12:14:37.505] ✅  [Success]Hash: 0xb91d7dba7c4202b71fbff2e52b9f0a1011d07789f2753ca3825b330abfa54382
[12:14:37.505] Block: 21
[12:14:37.505] Paid: 0.000003186593352536 ETH (46034 gas * 0.069222604 gwei)
[12:14:37.505] 
[12:14:37.505] 
[12:14:37.505] ##### anvil-hardhat
[12:14:37.505] ✅  [Success]Hash: 0xf6d077228919a4649d5753bd93c2372b119107b938a439d828f2f497aad2da2f
[12:14:37.505] Block: 21
[12:14:37.505] Paid: 0.000001977136015448 ETH (28562 gas * 0.069222604 gwei)
[12:14:37.505] 
[12:14:37.505] 
[12:14:37.505] ##### anvil-hardhat
[12:14:37.505] ✅  [Success]Hash: 0xee1317bd83d2855c163b53de197361f97e0930de5c07f9c3da12feeb8b6272d8
[12:14:37.505] Contract Address: 0xbd2848aa7bA125Bed31ce0b2b05B8359266CB12b
[12:14:37.505] Block: 21
[12:14:37.505] Paid: 0.000036332729716272 ETH (524868 gas * 0.069222604 gwei)
[12:14:37.505] 
[12:14:37.505] 
[12:14:37.505] ##### anvil-hardhat
[12:14:37.505] ✅  [Success]Hash: 0x0c14691c14fdaf9380c253beac07824002d80e39e3917dd41a9dc2ca2909be07
[12:14:37.505] Block: 21
[12:14:37.505] Paid: 0.000042544420086212 ETH (614603 gas * 0.069222604 gwei)
[12:14:37.505] 
[12:14:37.505] 
[12:14:37.505] ##### anvil-hardhat
[12:14:37.505] ✅  [Success]Hash: 0xc8285e40ed5471ab60b796264b3a90dae6c29f357031a22026fcd1947944d914
[12:14:37.505] Block: 21
[12:14:37.505] Paid: 0.000010714828427952 ETH (154788 gas * 0.069222604 gwei)
[12:14:37.505] 
[12:14:37.505] 
[12:14:37.505] ##### anvil-hardhat
[12:14:37.505] ✅  [Success]Hash: 0xcb4525bcf13ebec44cf6174edd15f482121eb459ebe527f3ce3378dd18d9a0a5
[12:14:37.505] Contract Address: 0xB2eE1CD72F8E6d33538bA562B1141C89f286EA4C
[12:14:37.505] Block: 21
[12:14:37.505] Paid: 0.000036332729716272 ETH (524868 gas * 0.069222604 gwei)
[12:14:37.505] 
[12:14:37.505] 
[12:14:37.505] ##### anvil-hardhat
[12:14:37.505] ✅  [Success]Hash: 0x08f5b9c1b4c9f7a1abfa9f9799cccc87f8cb9b4edbd7f78541b5796b26bf2f64
[12:14:37.505] Block: 21
[12:14:37.505] Paid: 0.000047940875848844 ETH (692561 gas * 0.069222604 gwei)
[12:14:37.505] 
[12:14:37.505] 
[12:14:37.505] ##### anvil-hardhat
[12:14:37.505] ✅  [Success]Hash: 0xd0297eead08d7b401d3306c7dcdae89ed96788addc876f1cebfdf08e9dc71fa5
[12:14:37.505] Block: 21
[12:14:37.505] Paid: 0.000010349748414456 ETH (149514 gas * 0.069222604 gwei)
[12:14:37.505] 
[12:14:37.505] 
[12:14:37.505] ##### anvil-hardhat
[12:14:37.505] ✅  [Success]Hash: 0x13f8e1e2c769963107a954957ad9ab08110b4608ae4a5f7c021ae02c1a9c2f1e
[12:14:37.505] Contract Address: 0xEE915F299A6d1eFf68c6EA22E5f93cFD551936F3
[12:14:37.505] Block: 21
[12:14:37.505] Paid: 0.000036332729716272 ETH (524868 gas * 0.069222604 gwei)
[12:14:37.505] 
[12:14:37.505] 
[12:14:37.505] ##### anvil-hardhat
[12:14:37.505] ✅  [Success]Hash: 0x95de07fa3654dabdafb0c5158e545129cd9a148702c57cfde9e3e5aac0ea8404
[12:14:37.505] Contract Address: 0x94160CaFc1bA404Da309Ce37D5be3d317fA72e95
[12:14:37.505] Block: 21
[12:14:37.505] Paid: 0.000036332729716272 ETH (524868 gas * 0.069222604 gwei)
[12:14:37.505] 
[12:14:37.505] 
[12:14:37.505] ##### anvil-hardhat
[12:14:37.505] ✅  [Success]Hash: 0x65f45c5ff2e06d0a85d8c34149c32614e9f96060c5262a6c256942388741d78c
[12:14:37.505] Contract Address: 0x459242AF21390cDA6837Fc261274FBe40A33FAc3
[12:14:37.505] Block: 21
[12:14:37.505] Paid: 0.000036332729716272 ETH (524868 gas * 0.069222604 gwei)
[12:14:37.505] 
[12:14:37.505] 
[12:14:37.505] ##### anvil-hardhat
[12:14:37.505] ✅  [Success]Hash: 0x09efacf32308157aed308833b54bae6faaa994e2a6b0f969e23beeaf088d1452
[12:14:37.505] Contract Address: 0x3116f638C14d6c7ee2943fcad8aF157169548544
[12:14:37.505] Block: 21
[12:14:37.505] Paid: 0.000042166395445768 ETH (609142 gas * 0.069222604 gwei)
[12:14:37.505] 
[12:14:37.505] 
[12:14:37.505] ##### anvil-hardhat
[12:14:37.505] ✅  [Success]Hash: 0xf2c0f229a059cd0d321406e6ce547db64f1d750bf6e02cf5f133dd73de4ca23f
[12:14:37.505] Contract Address: 0x8D10aA72F538672330060F1Da503804B7A91441D
[12:14:37.505] Block: 21
[12:14:37.505] Paid: 0.000019535034184424 ETH (282206 gas * 0.069222604 gwei)
[12:14:37.505] 
[12:14:37.505] 
[12:14:37.505] ##### anvil-hardhat
[12:14:37.505] ✅  [Success]Hash: 0x48e2e00b6bcf0c1fffce6834c7832a9b9422d72049d3831b099e1410f038f973
[12:14:37.505] Contract Address: 0xe9F0fb1DD35f7833C42ea605E178dfa59559ae39
[12:14:37.505] Block: 21
[12:14:37.505] Paid: 0.000036332729716272 ETH (524868 gas * 0.069222604 gwei)
[12:14:37.505] 
[12:14:37.505] 
[12:14:37.505] ##### anvil-hardhat
[12:14:37.505] ✅  [Success]Hash: 0xf19844a5c9b8dd04889110af52997a418100d465a1aa02b9bc24c0e1bee3adb0
[12:14:37.505] Contract Address: 0x3180c679372197e4487f3152e51D646d1e1BdAD2
[12:14:37.505] Block: 21
[12:14:37.505] Paid: 0.000036332729716272 ETH (524868 gas * 0.069222604 gwei)
[12:14:37.505] 
[12:14:37.505] 
[12:14:37.505] ##### anvil-hardhat
[12:14:37.505] ✅  [Success]Hash: 0xfe35b4cae82af49328a0c8ea6749542ddab5579df42e9f00eec249a12af3eebb
[12:14:37.505] Contract Address: 0x13E263172E8973450DE0112D56694079dBdb0d95
[12:14:37.505] Block: 21
[12:14:37.505] Paid: 0.000036332729716272 ETH (524868 gas * 0.069222604 gwei)
[12:14:37.505] 
[12:14:37.505] 
[12:14:37.505] ##### anvil-hardhat
[12:14:37.505] ✅  [Success]Hash: 0xb2ac22f96027c3a526fb36ac418f2864e300c194da3d38e362ad3c295444e80a
[12:14:37.505] Block: 21
[12:14:37.505] Paid: 0.000001975197782536 ETH (28534 gas * 0.069222604 gwei)
[12:14:37.505] 
[12:14:37.505] 
[12:14:37.505] ##### anvil-hardhat
[12:14:37.505] ✅  [Success]Hash: 0x620542b5e89403137c899340e08b3c5a67b5314c1bcfc70815e96fb029e975c4
[12:14:37.505] Block: 21
[12:14:37.505] Paid: 0.000328910095344336 ETH (4751484 gas * 0.069222604 gwei)
[12:14:37.505] 
[12:14:37.505] 
[12:14:37.505] ##### anvil-hardhat
[12:14:37.505] ✅  [Success]Hash: 0xe1e51372742bf0563b4ac82c76ad0bac63795f46efa5dae60178d89117e21dbf
[12:14:37.505] Block: 21
[12:14:37.505] Paid: 0.000126790682722748 ETH (1831637 gas * 0.069222604 gwei)
[12:14:37.505] 
[12:14:37.505] 
[12:14:37.505] ##### anvil-hardhat
[12:14:37.505] ✅  [Success]Hash: 0xbd919bea414780a2a78c6c4c2e93e99eada42f393a36475244a7cab96ed41822
[12:14:37.505] Block: 21
[12:14:37.505] Paid: 0.0000876392777942 ETH (1266050 gas * 0.069222604 gwei)
[12:14:37.506] 
[12:14:37.506] 
[12:14:37.506] ##### anvil-hardhat
[12:14:37.506] ✅  [Success]Hash: 0x9893732d99e97bd51ea780ccf7176dbe55be8c36d488eee812f4f4ec8f8153b4
[12:14:37.506] Block: 21
[12:14:37.506] Paid: 0.0001206792266834 ETH (1743350 gas * 0.069222604 gwei)
[12:14:37.506] 
[12:14:37.506] 
[12:14:37.506] ##### anvil-hardhat
[12:14:37.506] ✅  [Success]Hash: 0x8f0f7eab3aa2d71540d931ade2531a0c0c9f4dd56361cf81eed805cc4b14bbbe
[12:14:37.506] Contract Address: 0xdb69326a379d4Ba190bCcC217708083d0E3784f9
[12:14:37.506] Block: 21
[12:14:37.506] Paid: 0.00009505163423052 ETH (1373130 gas * 0.069222604 gwei)
[12:14:37.506] 
[12:14:37.506] 
[12:14:37.506] ##### anvil-hardhat
[12:14:37.506] ✅  [Success]Hash: 0x768014a928e5b10755191e30dd4c51d8559d4f182fa076b19addfe0afeab095a
[12:14:37.506] Block: 21
[12:14:37.506] Paid: 0.000175338986921692 ETH (2532973 gas * 0.069222604 gwei)
[12:14:37.506] 
[12:14:37.506] 
[12:14:37.506] ##### anvil-hardhat
[12:14:37.506] ✅  [Success]Hash: 0xbd9e25cdfa6ab38aa4e299a29190328dac170f5e048dbea9e0bf1f895296d3a7
[12:14:37.506] Block: 21
[12:14:37.506] Paid: 0.000080113465509924 ETH (1157331 gas * 0.069222604 gwei)
[12:14:37.506] 
[12:14:37.506] 
[12:14:37.506] ##### anvil-hardhat
[12:14:37.506] ✅  [Success]Hash: 0xd1f72b2ae2aa98fe6da827122c5af3bacb679f1c4621b868b85283d794002aa3
[12:14:37.506] Block: 21
[12:14:37.506] Paid: 0.000019998133405184 ETH (288896 gas * 0.069222604 gwei)
[12:14:37.506] 
[12:14:37.506] 
[12:14:37.506] ##### anvil-hardhat
[12:14:37.506] ✅  [Success]Hash: 0x52bc13e99bca930424127e2b6bf8fce8f012727f986dd8eac176e17fcc87003b
[12:14:37.506] Block: 21
[12:14:37.506] Paid: 0.000005145246932716 ETH (74329 gas * 0.069222604 gwei)
[12:14:37.506] 
[12:14:37.506] 
[12:14:37.506] ##### anvil-hardhat
[12:14:37.506] ✅  [Success]Hash: 0x3e35d6d5f38b2a29cf028ecf16bcf6e50ee40a3f30421cc9faa9399baf9def23
[12:14:37.506] Block: 21
[12:14:37.506] Paid: 0.000009484050528832 ETH (137008 gas * 0.069222604 gwei)
[12:14:37.506] 
[12:14:37.506] 
[12:14:37.506] ##### anvil-hardhat
[12:14:37.506] ✅  [Success]Hash: 0x94f661ae8c6c21680958830c9a532589239a411f898d37efad0e7fce42c1f667
[12:14:37.506] Block: 21
[12:14:37.506] Paid: 0.000009348443447596 ETH (135049 gas * 0.069222604 gwei)
[12:14:37.506] 
[12:14:37.506] 
[12:14:37.506] ##### anvil-hardhat
[12:14:37.506] ✅  [Success]Hash: 0xe167cd505e82fffc9f83cd3bc1c11cb396f0059a127208860e79491bd400192d
[12:14:37.506] Block: 21
[12:14:37.506] Paid: 0.000005758143868532 ETH (83183 gas * 0.069222604 gwei)
[12:14:37.506] 
[12:14:37.506] 
[12:14:37.506] ##### anvil-hardhat
[12:14:37.506] ✅  [Success]Hash: 0x8b50ba60a7a19dfaa9ae23e6a0d22e78199fb23ef304f0f067a38c2fa1a4db81
[12:14:37.506] Block: 21
[12:14:37.506] Paid: 0.000005145246932716 ETH (74329 gas * 0.069222604 gwei)
[12:14:37.506] 
[12:14:37.506] 
[12:14:37.506] ##### anvil-hardhat
[12:14:37.506] ✅  [Success]Hash: 0x589501ee1f8ac3bee635f1114910cb6a611b7b41e5333e7fc1c2b0030b86cf53
[12:14:37.506] Block: 21
[12:14:37.506] Paid: 0.00000523634387958 ETH (75645 gas * 0.069222604 gwei)
[12:14:37.506] 
[12:14:37.506] 
[12:14:37.506] ##### anvil-hardhat
[12:14:37.506] ✅  [Success]Hash: 0x4ae4fca6fcffec836aa0e19ad4e817ad82216dd2fbe77c8eb45facecfe81f401
[12:14:37.506] Block: 21
[12:14:37.506] Paid: 0.0000119599354061 ETH (172775 gas * 0.069222604 gwei)
[12:14:37.506] 
[12:14:37.506] 
[12:14:37.506] ##### anvil-hardhat
[12:14:37.506] ✅  [Success]Hash: 0x4bfffc8006aa3168330f31aef1c441337343bf82b8db9c6db2bb8f70ce18854a
[12:14:37.506] Block: 21
[12:14:37.506] Paid: 0.000001458104930656 ETH (21064 gas * 0.069222604 gwei)
[12:14:37.506] 
[12:14:37.506] 
[12:14:37.506] ##### anvil-hardhat
[12:14:37.506] ✅  [Success]Hash: 0x020af1d95bc1fc9106880f3ee933771822f137e4c1bc5cff3bc3250e4062795c
[12:14:37.506] Block: 21
[12:14:37.506] Paid: 0.000010879301335056 ETH (157164 gas * 0.069222604 gwei)
[12:14:37.506] 
[12:14:37.506] 
[12:14:37.506] ##### anvil-hardhat
[12:14:37.506] ✅  [Success]Hash: 0xe6182b55c196b39808b9589f12f1992c432da6219ebe40b237d31b55484e1bbd
[12:14:37.506] Block: 21
[12:14:37.506] Paid: 0.000001458104930656 ETH (21064 gas * 0.069222604 gwei)
[12:14:37.506] 
[12:14:37.506] 
[12:14:37.506] ##### anvil-hardhat
[12:14:37.506] ✅  [Success]Hash: 0x1093d628c132713d7a81c5e6b4cd7a23c6389c4f486c7e7202bdc904d4d0c55f
[12:14:37.506] Block: 21
[12:14:37.506] Paid: 0.00001243134133934 ETH (179585 gas * 0.069222604 gwei)
[12:14:37.506] 
[12:14:37.506] 
[12:14:37.506] 
[12:14:37.506] ==========================
[12:14:37.506] 
[12:14:37.506] ONCHAIN EXECUTION COMPLETE & SUCCESSFUL.
[12:14:37.506] Total Paid: 0.002024002556482764 ETH (29239041 gas * avg 0.069222604 gwei)
[12:14:37.667] 
[12:14:37.667] Transactions saved to: /home/colin/nm/polymerdao/monomer/e2e/optimism/packages/contracts-bedrock/broadcast/Deploy.s.sol/31337/run-latest.json
[12:14:37.667] 
[12:14:37.667] Sensitive values saved to: /home/colin/nm/polymerdao/monomer/e2e/optimism/packages/contracts-bedrock/cache/Deploy.s.sol/31337/run-latest.json
[12:14:37.667] 
4.097] 

turn] 
[09:49:41.837]     ├─ [0] console::log("ProxyAdmin deployed at %s", ProxyAdmin: [0xb693e7256b83b735cfC7304E9A25Bbe560Ec2709]) [staticcall]
[09:49:41.837]     │   └─ ← [Stop] 
[09:49:41.837]     ├─ [0] VM::stopBroadcast()
[09:49:41.837]     │   └─ ← [Return] 
[09:49:41.837]     ├─ [0] VM::startBroadcast(0xE2a7d53799A620A7d66A14FA73f7B701509B597E)
[09:49:41.837]     │   └─ ← [Return] 
[09:49:41.837]     ├─ [363] ProxyAdmin::owner() [staticcall]
[09:49:41.837]     │   └─ ← [Return] 0xE2a7d53799A620A7d66A14FA73f7B701509B597E
[09:49:41.837]     ├─ [2330] ProxyAdmin::transferOwnership(SafeProxy: [0x665280602118b1cc09bA66b7547729267Ecc57A8])
[09:49:41.837]     │   ├─ emit OwnershipTransferred(previousOwner: 0xE2a7d53799A620A7d66A14FA73f7B701509B597E, newOwner: SafeProxy: [0x665280602118b1cc09bA66b7547729267Ecc57A8])
[09:49:41.837]     │   └─ ← [Stop] 
[09:49:41.837]     ├─ [0] console::log("ProxyAdmin ownership transferred to Safe at: %s", SafeProxy: [0x665280602118b1cc09bA66b7547729267Ecc57A8]) [staticcall]
[09:49:41.837]     │   └─ ← [Stop] 
[09:49:41.837]     ├─ [0] VM::stopBroadcast()
[09:49:41.837]     │   └─ ← [Return] 
[09:49:41.837]     ├─ [0] VM::startBroadcast(0xE2a7d53799A620A7d66A14FA73f7B701509B597E)
[09:49:41.837]     │   └─ ← [Return] 
[09:49:41.837]     ├─ [0] console::log("Deploying ERC1967 proxy forSuperchainConfigProxy") [staticcall]
[09:49:41.837]     │   └─ ← [Stop] 
[09:49:41.837]     ├─ [436020] → new Proxy@0x47832dD0e9ea4Cf53b866d985c53DD4CAD964158
[09:49:41.837]     │   ├─ emit AdminChanged(previousAdmin: 0x0000000000000000000000000000000000000000, newAdmin: ProxyAdmin: [0xb693e7256b83b735cfC7304E9A25Bbe560Ec2709])
[09:49:41.837]     │   └─ ← [Return] 2059 bytes of code
[09:49:41.837]     ├─ [0] VM::load(Proxy: [0x47832dD0e9ea4Cf53b866d985c53DD4CAD964158], 0xb53127684a568b3173ae13b9f8a6016e243e63b6e8ee1178d6a717850b5d6103) [staticcall]
[09:49:41.837]     │   └─ ← [Return] 0x000000000000000000000000b693e7256b83b735cfc7304e9a25bbe560ec2709
[09:49:41.837]     ├─ [0] VM::serializeAddress("<stringified JSON>", "SuperchainConfigProxy", 0x47832dD0e9ea4Cf53b866d985c53DD4CAD964158)
[09:49:41.837]     │   └─ ← [Return] "{\"AddressManager\":\"0x70F92049C884A405DE2CfAb82Ee043fef7914f23\",\"ProxyAdmin\":\"0xb693e7256b83b735cfC7304E9A25Bbe560Ec2709\",\"SafeProxyFactory\":\"0xF2E6fb6F019D1ceE7e02Be40Cc749aD40D2fF9D5\",\"SafeSingleton\":\"0xfA67b5705a2cfe9043CeAB9fdF423E3bAd6294bE\",\"SuperchainConfigProxy\":\"0x47832dD0e9ea4Cf53b866d985c53DD4CAD964158\",\"SystemOwnerSafe\":\"0x665280602118b1cc09bA66b7547729267Ecc57A8\"}"
[09:49:41.837]     ├─ [0] VM::writeJson("<stringified JSON>", "/home/colin/nm/polymerdao/monomer/e2e/optimism/packages/contracts-bedrock/deployments/hardhat/.deploy")
[09:49:41.837]     │   └─ ← [Return] 
[09:49:41.837]     ├─ [0] console::log("   at %s", Proxy: [0x47832dD0e9ea4Cf53b866d985c53DD4CAD964158]) [staticcall]
[09:49:41.837]     │   └─ ← [Stop] 
[09:49:41.837]     ├─ [0] VM::stopBroadcast()
[09:49:41.837]     │   └─ ← [Return] 
[09:49:41.837]     ├─ [0] VM::startBroadcast(0xE2a7d53799A620A7d66A14FA73f7B701509B597E)
[09:49:41.837]     │   └─ ← [Return] 
[09:49:41.837]     ├─ [0] VM::envOr("IMPL_SALT", "ethers phoenix")
[09:49:41.837]     │   └─ ← [Return] <env var value>
[09:49:41.837]     ├─ [8937393460509919272] Create2Deployer::create2()
[09:49:41.837]     │   ├─ [8937393460509885951] → new <unknown>@0x068E44eB31e111028c41598E4535be7468674D0A
[09:49:41.838]     │   │   └─ ← [CreateCollision] 0 bytes of code
[09:49:41.838]     │   └─ ← [Revert] EvmError: Revert
[09:49:41.838]     └─ ← [Revert] EvmError: Revert
[09:49:41.838] 
[09:49:41.838] 
[09:49:41.838] 
[09:49:41.838] == Logs ==
[09:49:41.838]   Connected to network with chainid 31337
[09:49:41.838]   Storing temp deployment data in /home/colin/nm/polymerdao/monomer/e2e/optimism/packages/contracts-bedrock/deployments/hardhat/.deploy
[09:49:41.838]   DeployConfig: reading file /home/colin/nm/polymerdao/monomer/e2e/optimism/packages/contracts-bedrock/deploy-config/hardhat.json
[09:49:41.838]   Deploying from Deploy
[09:49:41.838]   Deployment context: hardhat
[09:49:41.838]   Deploying a fresh OP Stack including SuperchainConfig
[09:49:41.838]   Deploying Safe
[09:49:41.838]   New SystemOwnerSafe deployed at 0x665280602118b1cc09bA66b7547729267Ecc57A8
[09:49:41.838]   Setting up Superchain
[09:49:41.838]   Deploying AddressManager
[09:49:41.838]   AddressManager deployed at 0x70F92049C884A405DE2CfAb82Ee043fef7914f23
[09:49:41.838]   Deploying ProxyAdmin
[09:49:41.838]   ProxyAdmin deployed at 0xb693e7256b83b735cfC7304E9A25Bbe560Ec2709
[09:49:41.838]   ProxyAdmin ownership transferred to Safe at: 0x665280602118b1cc09bA66b7547729267Ecc57A8
[09:49:41.838]   Deploying ERC1967 proxy forSuperchainConfigProxy
[09:49:41.838]      at 0x47832dD0e9ea4Cf53b866d985c53DD4CAD964158
[09:49:42.015] [stderr]      at 0x47832dD0e9ea4Cf53b866d985c53DD4CAD964158
[09:49:42.015] [stderr]      at 0x47832dD0e9ea4Cf53b866d985c53DD4CAD964158
