[10:28:40.701] tx sent: 0x0f7317a4eb2b448a5c3e42c7ed6bc16faed207ad01ca519a454ec9fe06e10b96

[10:28:41.701] waiting for contract [OptimismPortal] to be deployed


[10:28:42.702] waiting for contract [OptimismPortal] to be deployed


[10:28:43.703] waiting for contract [OptimismPortal] to be deployed


[10:28:43.704] found contract [OptimismPortal]


portal created
User nonce:  1
[10:28:43.708] deposit tx sent: 0x1d6cac25c03ab9e0c009163d3e15424b0441dae1a73999d16ffeee138124eebf


[10:28:44.709] waiting for receipt [depositTx] to be mined

[10:28:44.709] found receipt [depositTx]

[10:28:44.709] deposit receipt:

{
  "root": "0xd64fdb87f25263bf2c909d44f6c05ef927b39d8180b238024b3cc5f72688e0e7",
  "status": "0x0",
  "cumulativeGasUsed": "0xf0700",
  "logsBloom": "0x00000000000000000000000000000000000000000000000000000000000000000000000000000000000000000000000000000000000000000000000000000000000000000000000000000000000000000000000000000000000000000000000000000000000000000000000000000000000000000000000000000000000000000000000000000000000000000000000000000000000000000000000000000000000000000000000000000000000000000000000000000000000000000000000000000000000000000000000000000000000000000000000000000000000000000000000000000000000000000000000000000000000000000000000000000000",
  "logs": [],
  "transactionHash": "0x1d6cac25c03ab9e0c009163d3e15424b0441dae1a73999d16ffeee138124eebf",
  "contractAddress": "0x0000000000000000000000000000000000000000",
  "gasUsed": "0xf0700",
  "effectiveGasPrice": "0x40fe1bec",
  "blobGasPrice": "0x1",
  "blockHash": "0xe6bdcd60bd7ffd696699d1571675688e3f71a52f3bd12c37fda36114609053a1",
  "blockNumber": "0x16",
  "transactionIndex": "0x0"
}

