[13:31:24.798] Compiling 201 files with Solc 0.8.15
[13:31:24.798] Compiling 61 files with Solc 0.8.19
[13:31:24.798] Compiling 1 files with Solc 0.5.17
[13:31:24.830] Solc 0.5.17 finished in 32.22ms
[13:31:26.308] Solc 0.8.19 finished in 1.51s
[13:31:45.742] Solc 0.8.15 finished in 20.94s
[13:31:46.731] Compiler run successful!
[13:31:47.741] EIP-3855 is not supported in one or more of the RPCs used.
[13:31:47.741] Unsupported Chain IDs: 31337.
[13:31:47.741] Contracts deployed with a Solidity version equal or higher than 0.8.20 might not work properly.
[13:31:47.741] For more information, please see https://eips.ethereum.org/EIPS/eip-3855
[13:31:47.741] Script ran successfully.
[13:31:47.741] 
[13:31:47.741] == Logs ==
[13:31:47.741]   Connected to network with chainid 31337
[13:31:47.741]   Storing temp deployment data in /home/colin/nm/polymerdao/monomer/e2e/optimism/packages/contracts-bedrock/deployments/hardhat/.deploy
[13:31:47.741]   DeployConfig: reading file /home/colin/nm/polymerdao/monomer/e2e/optimism/packages/contracts-bedrock/deploy-config/hardhat.json
[13:31:47.741]   Deploying from Deploy
[13:31:47.741]   Deployment context: hardhat
[13:31:47.741]   Deploying a fresh OP Stack including SuperchainConfig
[13:31:47.741]   Deploying Safe
[13:31:47.741]   New SystemOwnerSafe deployed at 0x7270D40BF080Ca6759BF5E36a3a9630175bf7cb1
[13:31:47.741]   Setting up Superchain
[13:31:47.741]   Deploying AddressManager
[13:31:47.741]   AddressManager deployed at 0xF1192Ce0eE305AAF0bbf8778e4A5BeBC0fCfAc25
[13:31:47.741]   Deploying ProxyAdmin
[13:31:47.741]   ProxyAdmin deployed at 0x7a003948Dc529D3966Af9C25dbEe18BD363EBdeD
[13:31:47.741]   ProxyAdmin ownership transferred to Safe at: 0x7270D40BF080Ca6759BF5E36a3a9630175bf7cb1
[13:31:47.741]   Deploying ERC1967 proxy forSuperchainConfigProxy
[13:31:47.741]      at 0xbd2848aa7bA125Bed31ce0b2b05B8359266CB12b
[13:31:47.741]   SuperchainConfig deployed at 0x068E44eB31e111028c41598E4535be7468674D0A
[13:31:47.741]   Running chain assertions on the SuperchainConfig
[13:31:47.741]   Deploying ERC1967 proxy forProtocolVersionsProxy
[13:31:47.741]      at 0xB2eE1CD72F8E6d33538bA562B1141C89f286EA4C
[13:31:47.741]   Deploying ProtocolVersions implementation
[13:31:47.741]   ProtocolVersions deployed at 0xfbfD64a6C0257F613feFCe050Aa30ecC3E3d7C3F
[13:31:47.741]   Running chain assertions on the ProtocolVersions
[13:31:47.741]   Upgrading and initializing ProtocolVersions proxy
[13:31:47.741]   ProtocolVersions version: 1.0.0
[13:31:47.741]   Running chain assertions on the ProtocolVersions
[13:31:47.741]   Deploying OP Chain
[13:31:47.741]   Deploying proxies
[13:31:47.741]   Deploying ERC1967 proxy forOptimismPortalProxy
[13:31:47.741]      at 0xEE915F299A6d1eFf68c6EA22E5f93cFD551936F3
[13:31:47.741]   Deploying ERC1967 proxy forL2OutputOracleProxy
[13:31:47.741]      at 0x94160CaFc1bA404Da309Ce37D5be3d317fA72e95
[13:31:47.741]   Deploying ERC1967 proxy forSystemConfigProxy
[13:31:47.741]      at 0x459242AF21390cDA6837Fc261274FBe40A33FAc3
[13:31:47.741]   Deploying proxy for L1StandardBridge
[13:31:47.741]   L1StandardBridgeProxy deployed at 0x3116f638C14d6c7ee2943fcad8aF157169548544
[13:31:47.741]   Deploying proxy for L1CrossDomainMessenger
[13:31:47.741]   L1CrossDomainMessengerProxy deployed at 0x8D10aA72F538672330060F1Da503804B7A91441D
[13:31:47.741]   Deploying ERC1967 proxy forOptimismMintableERC20FactoryProxy
[13:31:47.741]      at 0xe9F0fb1DD35f7833C42ea605E178dfa59559ae39
[13:31:47.741]   Deploying ERC1967 proxy forL1ERC721BridgeProxy
[13:31:47.741]      at 0x3180c679372197e4487f3152e51D646d1e1BdAD2
[13:31:47.741]   Deploying ERC1967 proxy forDisputeGameFactoryProxy
[13:31:47.741]      at 0x13E263172E8973450DE0112D56694079dBdb0d95
[13:31:47.741]   Transferring AddressManager ownership to ProxyAdmin
[13:31:47.741]   AddressManager ownership transferred to 0x7a003948Dc529D3966Af9C25dbEe18BD363EBdeD
[13:31:47.741]   Deploying implementations
[13:31:47.741]   Deploying OptimismPortal implementation
[13:31:47.741]   OptimismPortal deployed at 0x47Dd714d6062BDc1433825Bb932f3e4a4FffCa13
[13:31:47.741]   Running chain assertions on the OptimismPortal
[13:31:47.741]   Guardian has no code: 0x9965507D1a55bcC2695C58ba16FB37d819B0A4dc
[13:31:47.741]   Deploying L1CrossDomainMessenger implementation
[13:31:47.741]   L1CrossDomainMessenger deployed at 0xEf4e79b1151e3a8c70d6e47a989C554A1D8B9257
[13:31:47.741]   Running chain assertions on the L1CrossDomainMessenger
[13:31:47.741]   Deploying L2OutputOracle implementation
[13:31:47.741]   L2OutputOracle deployed at 0x1B9F0e648A0A4780120A6Cd07B952F76560c8F8b
[13:31:47.741]   Running chain assertions on the L2OutputOracle
[13:31:47.741]   Deploying OptimismMintableERC20Factory implementation
[13:31:47.741]   OptimismMintableERC20Factory deployed at 0xAd25F10eeC67Cc91Ce492680Bc71A6b92D069ed0
[13:31:47.741]   Running chain assertions on the OptimismMintableERC20Factory
[13:31:47.741]   Deploying SystemConfig implementation
[13:31:47.741]   SystemConfig deployed at 0xdb69326a379d4Ba190bCcC217708083d0E3784f9
[13:31:47.741]   Running chain assertions on the SystemConfig
[13:31:47.741]   Deploying L1StandardBridge implementation
[13:31:47.741]   L1StandardBridge deployed at 0x79bF592eB4C0e5E90e6015D194204264C89928eE
[13:31:47.741]   Running chain assertions on the L1StandardBridge
[13:31:47.741]   Deploying L1ERC721Bridge implementation
[13:31:47.741]   L1ERC721Bridge deployed at 0x14B97665a2C51d18AD76517e2aC7a995BEEFbCfC
[13:31:47.741]   Running chain assertions on the L1ERC721Bridge
[13:31:47.741]   Initializing implementations
[13:31:47.741]   Upgrading and initializing SystemConfig proxy
[13:31:47.741]   SystemConfig version: 1.11.0
[13:31:47.741]   Running chain assertions on the SystemConfig
[13:31:47.741]   Upgrading and initializing L1StandardBridge proxy
[13:31:47.741]   L1StandardBridge version: 2.0.0
[13:31:47.741]   Running chain assertions on the L1StandardBridge
[13:31:47.741]   Upgrading and initializing L1ERC721Bridge proxy
[13:31:47.741]   L1ERC721Bridge version: 2.0.0
[13:31:47.741]   Running chain assertions on the L1ERC721Bridge
[13:31:47.741]   Upgrading and initializing OptimismMintableERC20Factory proxy
[13:31:47.741]   OptimismMintableERC20Factory version: 1.8.0
[13:31:47.741]   Running chain assertions on the OptimismMintableERC20Factory
[13:31:47.741]   Upgrading and initializing L1CrossDomainMessenger proxy
[13:31:47.741]   L1CrossDomainMessenger version: 2.1.1
[13:31:47.741]   Running chain assertions on the L1CrossDomainMessenger
[13:31:47.741]   Upgrading and initializing L2OutputOracle proxy
[13:31:47.741]   L2OutputOracle version: 1.7.0
[13:31:47.741]   Running chain assertions on the L2OutputOracle
[13:31:47.741]   Upgrading and initializing OptimismPortal proxy
[13:31:47.741]   OptimismPortal version: 2.3.0
[13:31:47.741]   Running chain assertions on the OptimismPortal
[13:31:47.741]   Guardian has no code: 0x9965507D1a55bcC2695C58ba16FB37d819B0A4dc
[13:31:47.741] 
[13:31:47.741] ## Setting up 1 EVM.
[13:31:47.763] 
[13:31:47.763] ==========================
[13:31:47.763] 
[13:31:47.763] Chain 31337
[13:31:47.763] 
[13:31:47.763] Estimated gas price: 0.092747476 gwei
[13:31:47.763] 
[13:31:47.763] Estimated total gas used for script: 40158550
[13:31:47.763] 
[13:31:47.763] Estimated amount required: 0.0037246041523198 ETH
[13:31:47.763] 
[13:31:47.763] ==========================
[13:31:47.765] ##
[13:31:47.765] Sending transactions [0 - 40].
[13:31:47.810] ##
[13:31:47.810] Waiting for receipts.
[13:31:48.814] 
[13:31:48.814] ##### anvil-hardhat
[13:31:48.814] ✅  [Success]Hash: 0x736f66972ad2d2e805d6a3ad5c042aa30d34046ac085112cb65c9197139dc31c
[13:31:48.814] Contract Address: 0x3166d98cd394A845CD88612de10F043dDc02D5A1
[13:31:48.814] Block: 24
[13:31:48.814] Paid: 0.00002564073534627 ETH (552915 gas * 0.046373738 gwei)
[13:31:48.814] 
[13:31:48.814] 
[13:31:48.814] ##### anvil-hardhat
[13:31:48.814] ✅  [Success]Hash: 0xa865eb1da3e993474999bddb36c897f62b3844ff4c394384fef745359b6c5e7a
[13:31:48.814] Contract Address: 0x476E120008B14Cb92cff7101B32977155918AC87
[13:31:48.814] Block: 24
[13:31:48.814] Paid: 0.00017114900428101 ETH (3690645 gas * 0.046373738 gwei)
[13:31:48.814] 
[13:31:48.814] 
[13:31:48.814] ##### anvil-hardhat
[13:31:48.814] ✅  [Success]Hash: 0xa57dd1cbe463053ce48f0194576f21467a095c3b2e23dc5191541d9f05dbb167
[13:31:48.814] Block: 24
[13:31:48.814] Paid: 0.00001047165377778 ETH (225810 gas * 0.046373738 gwei)
[13:31:48.814] 
[13:31:48.814] 
[13:31:48.814] ##### anvil-hardhat
[13:31:48.814] ✅  [Success]Hash: 0xdf78382db7e256e633890f24fc649a2bbbd6fd9aa36058062c5352efcfbd6b56
[13:31:48.814] Contract Address: 0xF1192Ce0eE305AAF0bbf8778e4A5BeBC0fCfAc25
[13:31:48.814] Block: 24
[13:31:48.814] Paid: 0.000018770976172688 ETH (404776 gas * 0.046373738 gwei)
[13:31:48.814] 
[13:31:48.814] 
[13:31:48.814] ##### anvil-hardhat
[13:31:48.814] ✅  [Success]Hash: 0x6a8586ac67fc64be8558879a63d396b5097003c256d0e72eda35e77383cfc802
[13:31:48.814] Contract Address: 0x7a003948Dc529D3966Af9C25dbEe18BD363EBdeD
[13:31:48.814] Block: 24
[13:31:48.814] Paid: 0.000068816818616218 ETH (1483961 gas * 0.046373738 gwei)
[13:31:48.814] 
[13:31:48.814] 
[13:31:48.814] ##### anvil-hardhat
[13:31:48.814] ✅  [Success]Hash: 0x314a307ee1d138f780828aaa89c21bfe709516f11c96d0610fd872f29a0c445e
[13:31:48.814] Block: 24
[13:31:48.814] Paid: 0.000002134768655092 ETH (46034 gas * 0.046373738 gwei)
[13:31:48.814] 
[13:31:48.814] 
[13:31:48.814] ##### anvil-hardhat
[13:31:48.814] ✅  [Success]Hash: 0xd1d109062468582539970136c985d2a25cea099f6ae13b86bdecf72ca6212386
[13:31:48.814] Block: 24
[13:31:48.814] Paid: 0.000001324526704756 ETH (28562 gas * 0.046373738 gwei)
[13:31:48.814] 
[13:31:48.814] 
[13:31:48.814] ##### anvil-hardhat
[13:31:48.814] ✅  [Success]Hash: 0xb27a7b445f4926e51b792d8d1efd0699591fb7043c10372aad8ad80ab2b9e527
[13:31:48.814] Contract Address: 0xbd2848aa7bA125Bed31ce0b2b05B8359266CB12b
[13:31:48.814] Block: 24
[13:31:48.814] Paid: 0.000024340091116584 ETH (524868 gas * 0.046373738 gwei)
[13:31:48.814] 
[13:31:48.814] 
[13:31:48.814] ##### anvil-hardhat
[13:31:48.814] ✅  [Success]Hash: 0x26c4424e75d89daf3d2583f25bb5f2a05386f2efcbf6fb7998ee6c4ba8675f19
[13:31:48.814] Block: 24
[13:31:48.814] Paid: 0.000028501438496014 ETH (614603 gas * 0.046373738 gwei)
[13:31:48.814] 
[13:31:48.814] 
[13:31:48.814] ##### anvil-hardhat
[13:31:48.814] ✅  [Success]Hash: 0xacb5161906f99e51a135b99edcf9667f34e3870b739572d508e91b0615760cc1
[13:31:48.814] Block: 24
[13:31:48.815] Paid: 0.000007178098157544 ETH (154788 gas * 0.046373738 gwei)
[13:31:48.815] 
[13:31:48.815] 
[13:31:48.815] ##### anvil-hardhat
[13:31:48.815] ✅  [Success]Hash: 0xad0992a3fb118fcad1aaf3d7e02a887868c1ab72ebc3a99b74413ddaabcdc8b8
[13:31:48.815] Contract Address: 0xB2eE1CD72F8E6d33538bA562B1141C89f286EA4C
[13:31:48.815] Block: 24
[13:31:48.815] Paid: 0.000024340091116584 ETH (524868 gas * 0.046373738 gwei)
[13:31:48.815] 
[13:31:48.815] 
[13:31:48.815] ##### anvil-hardhat
[13:31:48.815] ✅  [Success]Hash: 0x9f6fb1c15b8ca969c81c9c60565c284077d164743ac07dbf312faf298becf8ed
[13:31:48.815] Block: 24
[13:31:48.815] Paid: 0.000032116642363018 ETH (692561 gas * 0.046373738 gwei)
[13:31:48.815] 
[13:31:48.815] 
[13:31:48.815] ##### anvil-hardhat
[13:31:48.815] ✅  [Success]Hash: 0xf0e61728b0b72402470aede002f4892fbef57741948fe19e85ba9748d4a1b422
[13:31:48.815] Block: 24
[13:31:48.815] Paid: 0.000006933523063332 ETH (149514 gas * 0.046373738 gwei)
[13:31:48.815] 
[13:31:48.815] 
[13:31:48.815] ##### anvil-hardhat
[13:31:48.815] ✅  [Success]Hash: 0x56fddb8ef4094e05a01484458b4e740ed9018e1a22f0f53867984b92a2cd9a47
[13:31:48.815] Contract Address: 0xEE915F299A6d1eFf68c6EA22E5f93cFD551936F3
[13:31:48.815] Block: 24
[13:31:48.815] Paid: 0.000024340091116584 ETH (524868 gas * 0.046373738 gwei)
[13:31:48.815] 
[13:31:48.815] 
[13:31:48.815] ##### anvil-hardhat
[13:31:48.815] ✅  [Success]Hash: 0xbb90b08a7109994a8e40b727a58e82299cd61f016f7ada2ed7b1e3e3350e9b03
[13:31:48.815] Contract Address: 0x94160CaFc1bA404Da309Ce37D5be3d317fA72e95
[13:31:48.815] Block: 24
[13:31:48.815] Paid: 0.000024340091116584 ETH (524868 gas * 0.046373738 gwei)
[13:31:48.815] 
[13:31:48.815] 
[13:31:48.815] ##### anvil-hardhat
[13:31:48.815] ✅  [Success]Hash: 0xb0b7ae5465041f11f2bf442d1575389179777acf1bb01ebfaed276ad41374d1b
[13:31:48.815] Contract Address: 0x459242AF21390cDA6837Fc261274FBe40A33FAc3
[13:31:48.815] Block: 24
[13:31:48.815] Paid: 0.000024340091116584 ETH (524868 gas * 0.046373738 gwei)
[13:31:48.815] 
[13:31:48.815] 
[13:31:48.815] ##### anvil-hardhat
[13:31:48.815] ✅  [Success]Hash: 0x149d34114a4b4d791066492786cc0c75a25bb86c96f3656c717c8c7b5de7ebcf
[13:31:48.815] Contract Address: 0x3116f638C14d6c7ee2943fcad8aF157169548544
[13:31:48.815] Block: 24
[13:31:48.815] Paid: 0.000028248191512796 ETH (609142 gas * 0.046373738 gwei)
[13:31:48.815] 
[13:31:48.815] 
[13:31:48.815] ##### anvil-hardhat
[13:31:48.815] ✅  [Success]Hash: 0xeca246226e91a02860eb4f17ebf85720484ddb2942366ebc9810291543ba0167
[13:31:48.815] Contract Address: 0x8D10aA72F538672330060F1Da503804B7A91441D
[13:31:48.815] Block: 24
[13:31:48.815] Paid: 0.000013086947106028 ETH (282206 gas * 0.046373738 gwei)
[13:31:48.815] 
[13:31:48.815] 
[13:31:48.815] ##### anvil-hardhat
[13:31:48.815] ✅  [Success]Hash: 0x5bb7cac7e593373c2258e2f58d81b0f118d13dff9f777f783161c6b2b1a2abf8
[13:31:48.815] Contract Address: 0xe9F0fb1DD35f7833C42ea605E178dfa59559ae39
[13:31:48.815] Block: 24
[13:31:48.815] Paid: 0.000024340091116584 ETH (524868 gas * 0.046373738 gwei)
[13:31:48.815] 
[13:31:48.815] 
[13:31:48.815] ##### anvil-hardhat
[13:31:48.815] ✅  [Success]Hash: 0x6b5ca446f0d230aaa866ce0cc42a95aee854b761faeaa88f8f1bd727f7d97e0f
[13:31:48.815] Contract Address: 0x3180c679372197e4487f3152e51D646d1e1BdAD2
[13:31:48.815] Block: 24
[13:31:48.815] Paid: 0.000024340091116584 ETH (524868 gas * 0.046373738 gwei)
[13:31:48.815] 
[13:31:48.815] 
[13:31:48.815] ##### anvil-hardhat
[13:31:48.815] ✅  [Success]Hash: 0x9a416c5da4c92e2790b144968471a506f4e80ccce72342c236e5def8db85c167
[13:31:48.815] Contract Address: 0x13E263172E8973450DE0112D56694079dBdb0d95
[13:31:48.815] Block: 24
[13:31:48.815] Paid: 0.000024340091116584 ETH (524868 gas * 0.046373738 gwei)
[13:31:48.815] 
[13:31:48.815] 
[13:31:48.815] ##### anvil-hardhat
[13:31:48.815] ✅  [Success]Hash: 0xc8557d889e1178d033cede7e48b26b08412b9ccaa10e4157d0a48877d7f802c5
[13:31:48.815] Block: 24
[13:31:48.815] Paid: 0.000001323228240092 ETH (28534 gas * 0.046373738 gwei)
[13:31:48.815] 
[13:31:48.815] 
[13:31:48.815] ##### anvil-hardhat
[13:31:48.815] ✅  [Success]Hash: 0x18b7e297782bff85baf4c0c24e45b7b6d20c74eb97303866954ba8131e7cc2b7
[13:31:48.815] Block: 24
[13:31:48.815] Paid: 0.000220344074127192 ETH (4751484 gas * 0.046373738 gwei)
[13:31:48.815] 
[13:31:48.815] 
[13:31:48.815] ##### anvil-hardhat
[13:31:48.815] ✅  [Success]Hash: 0x5a1a33d2208a377b03f0a67fd67c313ea1e897fde51d3a108408d0962c273a04
[13:31:48.815] Block: 24
[13:31:48.815] Paid: 0.000084939854349106 ETH (1831637 gas * 0.046373738 gwei)
[13:31:48.815] 
[13:31:48.815] 
[13:31:48.815] ##### anvil-hardhat
[13:31:48.815] ✅  [Success]Hash: 0x1fe456bb71cfd8f869825db97a608e0ac84f48fca2c8ac23a671d7b9f8f32d8e
[13:31:48.815] Block: 24
[13:31:48.815] Paid: 0.0000587114709949 ETH (1266050 gas * 0.046373738 gwei)
[13:31:48.815] 
[13:31:48.815] 
[13:31:48.815] ##### anvil-hardhat
[13:31:48.815] ✅  [Success]Hash: 0x3f109157c7f2b4491e3299fd7670b0b6bf68c598c26d86e6f5ed3fa7c7115562
[13:31:48.815] Block: 24
[13:31:48.815] Paid: 0.0000808456561423 ETH (1743350 gas * 0.046373738 gwei)
[13:31:48.815] 
[13:31:48.815] 
[13:31:48.815] ##### anvil-hardhat
[13:31:48.815] ✅  [Success]Hash: 0x484fa765893d9638451bde5cc0b4acd6f6ecaf24ff225305bf5184ccb233e55b
[13:31:48.815] Contract Address: 0xdb69326a379d4Ba190bCcC217708083d0E3784f9
[13:31:48.815] Block: 24
[13:31:48.815] Paid: 0.00006367717085994 ETH (1373130 gas * 0.046373738 gwei)
[13:31:48.815] 
[13:31:48.815] 
[13:31:48.815] ##### anvil-hardhat
[13:31:48.815] ✅  [Success]Hash: 0xf4a6c0d0e9773b0868621a7c01cf7dca269dfc581b81003234ce0f5428dcf3fb
[13:31:48.815] Block: 24
[13:31:48.815] Paid: 0.000117463426263074 ETH (2532973 gas * 0.046373738 gwei)
[13:31:48.815] 
[13:31:48.815] 
[13:31:48.815] ##### anvil-hardhat
[13:31:48.815] ✅  [Success]Hash: 0xc311e09ab3b060728e1acf4536ea46f7fb4d59a221318ec643adf436e3ccb9c3
[13:31:48.815] Block: 24
[13:31:48.815] Paid: 0.000053669764573278 ETH (1157331 gas * 0.046373738 gwei)
[13:31:48.815] 
[13:31:48.815] 
[13:31:48.815] ##### anvil-hardhat
[13:31:48.815] ✅  [Success]Hash: 0x04a8c094aa03bb12f10fe18b186d774f26411d2817767dc70379f4f3c41d411a
[13:31:48.815] Block: 24
[13:31:48.815] Paid: 0.000013397187413248 ETH (288896 gas * 0.046373738 gwei)
[13:31:48.815] 
[13:31:48.815] 
[13:31:48.815] ##### anvil-hardhat
[13:31:48.815] ✅  [Success]Hash: 0x2b35f53c427dccdd2332b55e86090193747a8d516e7b4d9a779938c6e7c98da1
[13:31:48.815] Block: 24
[13:31:48.815] Paid: 0.000003446913571802 ETH (74329 gas * 0.046373738 gwei)
[13:31:48.815] 
[13:31:48.815] 
[13:31:48.815] ##### anvil-hardhat
[13:31:48.815] ✅  [Success]Hash: 0x3c661c02f88e6fc12c2fdfc524ac1419593d30cb78c6204ef7442eb0becec4a1
[13:31:48.815] Block: 24
[13:31:48.815] Paid: 0.000006353573095904 ETH (137008 gas * 0.046373738 gwei)
[13:31:48.815] 
[13:31:48.815] 
[13:31:48.815] ##### anvil-hardhat
[13:31:48.815] ✅  [Success]Hash: 0x041327825dab63ce3761481f1b7dd4da318176f287d6140f8167e6e304452b3d
[13:31:48.815] Block: 24
[13:31:48.815] Paid: 0.000006262726943162 ETH (135049 gas * 0.046373738 gwei)
[13:31:48.815] 
[13:31:48.815] 
[13:31:48.815] ##### anvil-hardhat
[13:31:48.815] ✅  [Success]Hash: 0xf39423b4a30cb9808c7b38afbba0f2baf36abd187456e41c365097d82630480a
[13:31:48.815] Block: 24
[13:31:48.815] Paid: 0.000003857506648054 ETH (83183 gas * 0.046373738 gwei)
[13:31:48.815] 
[13:31:48.815] 
[13:31:48.815] ##### anvil-hardhat
[13:31:48.815] ✅  [Success]Hash: 0x4e50001e3e2974195deb3337b9de53e246522f14429f0b6bd644fd089aa43b50
[13:31:48.815] Block: 24
[13:31:48.815] Paid: 0.000003446913571802 ETH (74329 gas * 0.046373738 gwei)
[13:31:48.815] 
[13:31:48.815] 
[13:31:48.815] ##### anvil-hardhat
[13:31:48.815] ✅  [Success]Hash: 0x6786ffb84abd85e0eeea58c56d6c68b0de55ab177a0972dc8ff7608986949c13
[13:31:48.815] Block: 24
[13:31:48.815] Paid: 0.00000350794141101 ETH (75645 gas * 0.046373738 gwei)
[13:31:48.815] 
[13:31:48.815] 
[13:31:48.815] ##### anvil-hardhat
[13:31:48.815] ✅  [Success]Hash: 0x1080e992b44b191971f32dede0be9498c809820a1b150b760c0389b18aa2bb03
[13:31:48.815] Block: 24
[13:31:48.815] Paid: 0.00000801222258295 ETH (172775 gas * 0.046373738 gwei)
[13:31:48.815] 
[13:31:48.815] 
[13:31:48.815] ##### anvil-hardhat
[13:31:48.815] ✅  [Success]Hash: 0xd3eb20f8e68343ef394039a6b559e02c1da024a78225de02a587241aec058b0d
[13:31:48.815] Block: 24
[13:31:48.815] Paid: 0.000000976816417232 ETH (21064 gas * 0.046373738 gwei)
[13:31:48.815] 
[13:31:48.815] 
[13:31:48.815] ##### anvil-hardhat
[13:31:48.815] ✅  [Success]Hash: 0x148b0554881a1066403deee77de7f030cf3b158ac48ec0fa29f64cdcda53c696
[13:31:48.815] Block: 24
[13:31:48.815] Paid: 0.000007288282159032 ETH (157164 gas * 0.046373738 gwei)
[13:31:48.815] 
[13:31:48.815] 
[13:31:48.815] ##### anvil-hardhat
[13:31:48.815] ✅  [Success]Hash: 0xd155e88c9158dc8d6bc063927f5eb5409bffe6631a9e5c176ae942180c494fc7
[13:31:48.815] Block: 24
[13:31:48.815] Paid: 0.000000976816417232 ETH (21064 gas * 0.046373738 gwei)
[13:31:48.815] 
[13:31:48.815] 
[13:31:48.815] ##### anvil-hardhat
[13:31:48.815] ✅  [Success]Hash: 0xc824b338b353bc2e883faf8cef31d077257199d2b4a69b9202110887f83be164
[13:31:48.815] Block: 24
[13:31:48.816] Paid: 0.00000832802773873 ETH (179585 gas * 0.046373738 gwei)
[13:31:48.816] 
[13:31:48.816] 
[13:31:48.816] 
[13:31:48.816] ==========================
[13:31:48.816] 
[13:31:48.816] ONCHAIN EXECUTION COMPLETE & SUCCESSFUL.
[13:31:48.816] Total Paid: 0.001355923626705258 ETH (29239041 gas * avg 0.046373738 gwei)
[13:31:49.001] 
[13:31:49.001] Transactions saved to: /home/colin/nm/polymerdao/monomer/e2e/optimism/packages/contracts-bedrock/broadcast/Deploy.s.sol/31337/run-latest.json
[13:31:49.001] 
[13:31:49.001] Sensitive values saved to: /home/colin/nm/polymerdao/monomer/e2e/optimism/packages/contracts-bedrock/cache/Deploy.s.sol/31337/run-latest.json
[13:31:49.001] 
.097] 

turn] 
[09:49:41.837]     ├─ [0] console::log("ProxyAdmin deployed at %s", ProxyAdmin: [0xb693e7256b83b735cfC7304E9A25Bbe560Ec2709]) [staticcall]
[09:49:41.837]     │   └─ ← [Stop] 
[09:49:41.837]     ├─ [0] VM::stopBroadcast()
[09:49:41.837]     │   └─ ← [Return] 
[09:49:41.837]     ├─ [0] VM::startBroadcast(0xE2a7d53799A620A7d66A14FA73f7B701509B597E)
[09:49:41.837]     │   └─ ← [Return] 
[09:49:41.837]     ├─ [363] ProxyAdmin::owner() [staticcall]
[09:49:41.837]     │   └─ ← [Return] 0xE2a7d53799A620A7d66A14FA73f7B701509B597E
[09:49:41.837]     ├─ [2330] ProxyAdmin::transferOwnership(SafeProxy: [0x665280602118b1cc09bA66b7547729267Ecc57A8])
[09:49:41.837]     │   ├─ emit OwnershipTransferred(previousOwner: 0xE2a7d53799A620A7d66A14FA73f7B701509B597E, newOwner: SafeProxy: [0x665280602118b1cc09bA66b7547729267Ecc57A8])
[09:49:41.837]     │   └─ ← [Stop] 
[09:49:41.837]     ├─ [0] console::log("ProxyAdmin ownership transferred to Safe at: %s", SafeProxy: [0x665280602118b1cc09bA66b7547729267Ecc57A8]) [staticcall]
[09:49:41.837]     │   └─ ← [Stop] 
[09:49:41.837]     ├─ [0] VM::stopBroadcast()
[09:49:41.837]     │   └─ ← [Return] 
[09:49:41.837]     ├─ [0] VM::startBroadcast(0xE2a7d53799A620A7d66A14FA73f7B701509B597E)
[09:49:41.837]     │   └─ ← [Return] 
[09:49:41.837]     ├─ [0] console::log("Deploying ERC1967 proxy forSuperchainConfigProxy") [staticcall]
[09:49:41.837]     │   └─ ← [Stop] 
[09:49:41.837]     ├─ [436020] → new Proxy@0x47832dD0e9ea4Cf53b866d985c53DD4CAD964158
[09:49:41.837]     │   ├─ emit AdminChanged(previousAdmin: 0x0000000000000000000000000000000000000000, newAdmin: ProxyAdmin: [0xb693e7256b83b735cfC7304E9A25Bbe560Ec2709])
[09:49:41.837]     │   └─ ← [Return] 2059 bytes of code
[09:49:41.837]     ├─ [0] VM::load(Proxy: [0x47832dD0e9ea4Cf53b866d985c53DD4CAD964158], 0xb53127684a568b3173ae13b9f8a6016e243e63b6e8ee1178d6a717850b5d6103) [staticcall]
[09:49:41.837]     │   └─ ← [Return] 0x000000000000000000000000b693e7256b83b735cfc7304e9a25bbe560ec2709
[09:49:41.837]     ├─ [0] VM::serializeAddress("<stringified JSON>", "SuperchainConfigProxy", 0x47832dD0e9ea4Cf53b866d985c53DD4CAD964158)
[09:49:41.837]     │   └─ ← [Return] "{\"AddressManager\":\"0x70F92049C884A405DE2CfAb82Ee043fef7914f23\",\"ProxyAdmin\":\"0xb693e7256b83b735cfC7304E9A25Bbe560Ec2709\",\"SafeProxyFactory\":\"0xF2E6fb6F019D1ceE7e02Be40Cc749aD40D2fF9D5\",\"SafeSingleton\":\"0xfA67b5705a2cfe9043CeAB9fdF423E3bAd6294bE\",\"SuperchainConfigProxy\":\"0x47832dD0e9ea4Cf53b866d985c53DD4CAD964158\",\"SystemOwnerSafe\":\"0x665280602118b1cc09bA66b7547729267Ecc57A8\"}"
[09:49:41.837]     ├─ [0] VM::writeJson("<stringified JSON>", "/home/colin/nm/polymerdao/monomer/e2e/optimism/packages/contracts-bedrock/deployments/hardhat/.deploy")
[09:49:41.837]     │   └─ ← [Return] 
[09:49:41.837]     ├─ [0] console::log("   at %s", Proxy: [0x47832dD0e9ea4Cf53b866d985c53DD4CAD964158]) [staticcall]
[09:49:41.837]     │   └─ ← [Stop] 
[09:49:41.837]     ├─ [0] VM::stopBroadcast()
[09:49:41.837]     │   └─ ← [Return] 
[09:49:41.837]     ├─ [0] VM::startBroadcast(0xE2a7d53799A620A7d66A14FA73f7B701509B597E)
[09:49:41.837]     │   └─ ← [Return] 
[09:49:41.837]     ├─ [0] VM::envOr("IMPL_SALT", "ethers phoenix")
[09:49:41.837]     │   └─ ← [Return] <env var value>
[09:49:41.837]     ├─ [8937393460509919272] Create2Deployer::create2()
[09:49:41.837]     │   ├─ [8937393460509885951] → new <unknown>@0x068E44eB31e111028c41598E4535be7468674D0A
[09:49:41.838]     │   │   └─ ← [CreateCollision] 0 bytes of code
[09:49:41.838]     │   └─ ← [Revert] EvmError: Revert
[09:49:41.838]     └─ ← [Revert] EvmError: Revert
[09:49:41.838] 
[09:49:41.838] 
[09:49:41.838] 
[09:49:41.838] == Logs ==
[09:49:41.838]   Connected to network with chainid 31337
[09:49:41.838]   Storing temp deployment data in /home/colin/nm/polymerdao/monomer/e2e/optimism/packages/contracts-bedrock/deployments/hardhat/.deploy
[09:49:41.838]   DeployConfig: reading file /home/colin/nm/polymerdao/monomer/e2e/optimism/packages/contracts-bedrock/deploy-config/hardhat.json
[09:49:41.838]   Deploying from Deploy
[09:49:41.838]   Deployment context: hardhat
[09:49:41.838]   Deploying a fresh OP Stack including SuperchainConfig
[09:49:41.838]   Deploying Safe
[09:49:41.838]   New SystemOwnerSafe deployed at 0x665280602118b1cc09bA66b7547729267Ecc57A8
[09:49:41.838]   Setting up Superchain
[09:49:41.838]   Deploying AddressManager
[09:49:41.838]   AddressManager deployed at 0x70F92049C884A405DE2CfAb82Ee043fef7914f23
[09:49:41.838]   Deploying ProxyAdmin
[09:49:41.838]   ProxyAdmin deployed at 0xb693e7256b83b735cfC7304E9A25Bbe560Ec2709
[09:49:41.838]   ProxyAdmin ownership transferred to Safe at: 0x665280602118b1cc09bA66b7547729267Ecc57A8
[09:49:41.838]   Deploying ERC1967 proxy forSuperchainConfigProxy
[09:49:41.838]      at 0x47832dD0e9ea4Cf53b866d985c53DD4CAD964158
[09:49:42.015] [stderr]      at 0x47832dD0e9ea4Cf53b866d985c53DD4CAD964158
[09:49:42.015] [stderr]      at 0x47832dD0e9ea4Cf53b866d985c53DD4CAD964158
