[11:42:11.241] Compiling 61 files with Solc 0.8.19
[11:42:11.241] Compiling 1 files with Solc 0.5.17
[11:42:11.241] Compiling 201 files with Solc 0.8.15
[11:42:11.272] Solc 0.5.17 finished in 30.59ms
[11:42:12.750] Solc 0.8.19 finished in 1.51s
[11:42:28.076] Solc 0.8.15 finished in 16.83s
[11:42:28.974] Compiler run successful!
[11:42:29.743] EIP-3855 is not supported in one or more of the RPCs used.
[11:42:29.743] Unsupported Chain IDs: 31337.
[11:42:29.743] Contracts deployed with a Solidity version equal or higher than 0.8.20 might not work properly.
[11:42:29.743] For more information, please see https://eips.ethereum.org/EIPS/eip-3855
[11:42:29.743] Script ran successfully.
[11:42:29.743] 
[11:42:29.743] == Logs ==
[11:42:29.743]   Connected to network with chainid 31337
[11:42:29.743]   Storing temp deployment data in /home/colin/nm/polymerdao/monomer/e2e/optimism/packages/contracts-bedrock/deployments/hardhat/.deploy
[11:42:29.743]   DeployConfig: reading file /home/colin/nm/polymerdao/monomer/e2e/optimism/packages/contracts-bedrock/deploy-config/hardhat.json
[11:42:29.743]   Deploying from Deploy
[11:42:29.743]   Deployment context: hardhat
[11:42:29.743]   Deploying a fresh OP Stack including SuperchainConfig
[11:42:29.743]   Deploying Safe
[11:42:29.743]   New SystemOwnerSafe deployed at 0x06E33A6e613b5b81388B948a93F2201Bd4aD4cB8
[11:42:29.743]   Setting up Superchain
[11:42:29.743]   Deploying AddressManager
[11:42:29.743]   AddressManager deployed at 0xF1192Ce0eE305AAF0bbf8778e4A5BeBC0fCfAc25
[11:42:29.743]   Deploying ProxyAdmin
[11:42:29.743]   ProxyAdmin deployed at 0x7a003948Dc529D3966Af9C25dbEe18BD363EBdeD
[11:42:29.743]   ProxyAdmin ownership transferred to Safe at: 0x06E33A6e613b5b81388B948a93F2201Bd4aD4cB8
[11:42:29.743]   Deploying ERC1967 proxy forSuperchainConfigProxy
[11:42:29.743]      at 0xbd2848aa7bA125Bed31ce0b2b05B8359266CB12b
[11:42:29.743]   SuperchainConfig deployed at 0x068E44eB31e111028c41598E4535be7468674D0A
[11:42:29.743]   Running chain assertions on the SuperchainConfig
[11:42:29.743]   Deploying ERC1967 proxy forProtocolVersionsProxy
[11:42:29.743]      at 0xB2eE1CD72F8E6d33538bA562B1141C89f286EA4C
[11:42:29.743]   Deploying ProtocolVersions implementation
[11:42:29.743]   ProtocolVersions deployed at 0xfbfD64a6C0257F613feFCe050Aa30ecC3E3d7C3F
[11:42:29.743]   Running chain assertions on the ProtocolVersions
[11:42:29.743]   Upgrading and initializing ProtocolVersions proxy
[11:42:29.743]   ProtocolVersions version: 1.0.0
[11:42:29.743]   Running chain assertions on the ProtocolVersions
[11:42:29.743]   Deploying OP Chain
[11:42:29.743]   Deploying proxies
[11:42:29.743]   Deploying ERC1967 proxy forOptimismPortalProxy
[11:42:29.743]      at 0xEE915F299A6d1eFf68c6EA22E5f93cFD551936F3
[11:42:29.743]   Deploying ERC1967 proxy forL2OutputOracleProxy
[11:42:29.743]      at 0x94160CaFc1bA404Da309Ce37D5be3d317fA72e95
[11:42:29.743]   Deploying ERC1967 proxy forSystemConfigProxy
[11:42:29.743]      at 0x459242AF21390cDA6837Fc261274FBe40A33FAc3
[11:42:29.743]   Deploying proxy for L1StandardBridge
[11:42:29.743]   L1StandardBridgeProxy deployed at 0x3116f638C14d6c7ee2943fcad8aF157169548544
[11:42:29.743]   Deploying proxy for L1CrossDomainMessenger
[11:42:29.743]   L1CrossDomainMessengerProxy deployed at 0x8D10aA72F538672330060F1Da503804B7A91441D
[11:42:29.743]   Deploying ERC1967 proxy forOptimismMintableERC20FactoryProxy
[11:42:29.743]      at 0xe9F0fb1DD35f7833C42ea605E178dfa59559ae39
[11:42:29.743]   Deploying ERC1967 proxy forL1ERC721BridgeProxy
[11:42:29.743]      at 0x3180c679372197e4487f3152e51D646d1e1BdAD2
[11:42:29.743]   Deploying ERC1967 proxy forDisputeGameFactoryProxy
[11:42:29.743]      at 0x13E263172E8973450DE0112D56694079dBdb0d95
[11:42:29.743]   Transferring AddressManager ownership to ProxyAdmin
[11:42:29.743]   AddressManager ownership transferred to 0x7a003948Dc529D3966Af9C25dbEe18BD363EBdeD
[11:42:29.743]   Deploying implementations
[11:42:29.743]   Deploying OptimismPortal implementation
[11:42:29.743]   OptimismPortal deployed at 0x47Dd714d6062BDc1433825Bb932f3e4a4FffCa13
[11:42:29.743]   Running chain assertions on the OptimismPortal
[11:42:29.743]   Guardian has no code: 0x9965507D1a55bcC2695C58ba16FB37d819B0A4dc
[11:42:29.743]   Deploying L1CrossDomainMessenger implementation
[11:42:29.743]   L1CrossDomainMessenger deployed at 0xEf4e79b1151e3a8c70d6e47a989C554A1D8B9257
[11:42:29.743]   Running chain assertions on the L1CrossDomainMessenger
[11:42:29.743]   Deploying L2OutputOracle implementation
[11:42:29.743]   L2OutputOracle deployed at 0x1B9F0e648A0A4780120A6Cd07B952F76560c8F8b
[11:42:29.743]   Running chain assertions on the L2OutputOracle
[11:42:29.743]   Deploying OptimismMintableERC20Factory implementation
[11:42:29.743]   OptimismMintableERC20Factory deployed at 0xAd25F10eeC67Cc91Ce492680Bc71A6b92D069ed0
[11:42:29.743]   Running chain assertions on the OptimismMintableERC20Factory
[11:42:29.743]   Deploying SystemConfig implementation
[11:42:29.743]   SystemConfig deployed at 0xdb69326a379d4Ba190bCcC217708083d0E3784f9
[11:42:29.743]   Running chain assertions on the SystemConfig
[11:42:29.743]   Deploying L1StandardBridge implementation
[11:42:29.743]   L1StandardBridge deployed at 0x79bF592eB4C0e5E90e6015D194204264C89928eE
[11:42:29.743]   Running chain assertions on the L1StandardBridge
[11:42:29.743]   Deploying L1ERC721Bridge implementation
[11:42:29.743]   L1ERC721Bridge deployed at 0x14B97665a2C51d18AD76517e2aC7a995BEEFbCfC
[11:42:29.743]   Running chain assertions on the L1ERC721Bridge
[11:42:29.743]   Initializing implementations
[11:42:29.743]   Upgrading and initializing SystemConfig proxy
[11:42:29.743]   SystemConfig version: 1.11.0
[11:42:29.743]   Running chain assertions on the SystemConfig
[11:42:29.743]   Upgrading and initializing L1StandardBridge proxy
[11:42:29.743]   L1StandardBridge version: 2.0.0
[11:42:29.743]   Running chain assertions on the L1StandardBridge
[11:42:29.743]   Upgrading and initializing L1ERC721Bridge proxy
[11:42:29.743]   L1ERC721Bridge version: 2.0.0
[11:42:29.743]   Running chain assertions on the L1ERC721Bridge
[11:42:29.743]   Upgrading and initializing OptimismMintableERC20Factory proxy
[11:42:29.743]   OptimismMintableERC20Factory version: 1.8.0
[11:42:29.743]   Running chain assertions on the OptimismMintableERC20Factory
[11:42:29.743]   Upgrading and initializing L1CrossDomainMessenger proxy
[11:42:29.743]   L1CrossDomainMessenger version: 2.1.1
[11:42:29.743]   Running chain assertions on the L1CrossDomainMessenger
[11:42:29.743]   Upgrading and initializing L2OutputOracle proxy
[11:42:29.743]   L2OutputOracle version: 1.7.0
[11:42:29.743]   Running chain assertions on the L2OutputOracle
[11:42:29.743]   Upgrading and initializing OptimismPortal proxy
[11:42:29.743]   OptimismPortal version: 2.3.0
[11:42:29.743]   Running chain assertions on the OptimismPortal
[11:42:29.743]   Guardian has no code: 0x9965507D1a55bcC2695C58ba16FB37d819B0A4dc
[11:42:29.743] 
[11:42:29.743] ## Setting up 1 EVM.
[11:42:29.770] 
[11:42:29.770] ==========================
[11:42:29.770] 
[11:42:29.770] Chain 31337
[11:42:29.770] 
[11:42:29.770] Estimated gas price: 0.180826392 gwei
[11:42:29.770] 
[11:42:29.770] Estimated total gas used for script: 40158550
[11:42:29.770] 
[11:42:29.770] Estimated amount required: 0.0072617257044516 ETH
[11:42:29.770] 
[11:42:29.770] ==========================
[11:42:29.773] ##
[11:42:29.773] Sending transactions [0 - 40].
[11:42:29.813] ##
[11:42:29.813] Waiting for receipts.
[11:42:30.322] 
[11:42:30.322] ##### anvil-hardhat
[11:42:30.322] ✅  [Success]Hash: 0x51a8f15a680481c03fba4fa12b16b967afd0c00b373cf35b5d6addaa02670664
[11:42:30.322] Contract Address: 0x3166d98cd394A845CD88612de10F043dDc02D5A1
[11:42:30.322] Block: 19
[11:42:30.322] Paid: 0.00004999081226634 ETH (552915 gas * 0.090413196 gwei)
[11:42:30.322] 
[11:42:30.322] 
[11:42:30.322] ##### anvil-hardhat
[11:42:30.322] ✅  [Success]Hash: 0xd87a904a7445c947ac751d0d65446241bc812b95a2da3ddb627e343db608e09f
[11:42:30.322] Contract Address: 0x476E120008B14Cb92cff7101B32977155918AC87
[11:42:30.322] Block: 19
[11:42:30.322] Paid: 0.00033368300975142 ETH (3690645 gas * 0.090413196 gwei)
[11:42:30.322] 
[11:42:30.322] 
[11:42:30.322] ##### anvil-hardhat
[11:42:30.322] ✅  [Success]Hash: 0x73e909bdcc0579e69bcb2c089dcb7583e307d62e170af1f3039ba349dfaee5af
[11:42:30.322] Block: 19
[11:42:30.322] Paid: 0.00002041620378876 ETH (225810 gas * 0.090413196 gwei)
[11:42:30.322] 
[11:42:30.322] 
[11:42:30.322] ##### anvil-hardhat
[11:42:30.322] ✅  [Success]Hash: 0xe1f3e061b0874696f6a5d2353218afc05b2845ea5940b7798595d25005caecab
[11:42:30.322] Contract Address: 0xF1192Ce0eE305AAF0bbf8778e4A5BeBC0fCfAc25
[11:42:30.322] Block: 19
[11:42:30.322] Paid: 0.000036597091824096 ETH (404776 gas * 0.090413196 gwei)
[11:42:30.322] 
[11:42:30.322] 
[11:42:30.322] ##### anvil-hardhat
[11:42:30.322] ✅  [Success]Hash: 0x7281e4c8b18dc1ee7c92cc7a9b28573c7676a78c28512b9ff7fe3a9ce72f2fd7
[11:42:30.322] Contract Address: 0x7a003948Dc529D3966Af9C25dbEe18BD363EBdeD
[11:42:30.322] Block: 19
[11:42:30.322] Paid: 0.000134169656749356 ETH (1483961 gas * 0.090413196 gwei)
[11:42:30.322] 
[11:42:30.322] 
[11:42:30.322] ##### anvil-hardhat
[11:42:30.322] ✅  [Success]Hash: 0x82ba3e3aea89917b86b4df3d70f207c66b298fc3db0f2e104fe693224ce9e0ed
[11:42:30.322] Block: 19
[11:42:30.322] Paid: 0.000004162081064664 ETH (46034 gas * 0.090413196 gwei)
[11:42:30.322] 
[11:42:30.322] 
[11:42:30.322] ##### anvil-hardhat
[11:42:30.322] ✅  [Success]Hash: 0x30433390dde97856c48fe8db3a0fdda58e133a2fc8b26aee6b26090b37447332
[11:42:30.322] Block: 19
[11:42:30.322] Paid: 0.000002582381704152 ETH (28562 gas * 0.090413196 gwei)
[11:42:30.322] 
[11:42:30.322] 
[11:42:30.322] ##### anvil-hardhat
[11:42:30.322] ✅  [Success]Hash: 0x2a3a71ce9421ee685180bb3e71f85fe3f41994bbf947f817745641885fa57c2d
[11:42:30.322] Contract Address: 0xbd2848aa7bA125Bed31ce0b2b05B8359266CB12b
[11:42:30.322] Block: 19
[11:42:30.322] Paid: 0.000047454993358128 ETH (524868 gas * 0.090413196 gwei)
[11:42:30.322] 
[11:42:30.322] 
[11:42:30.322] ##### anvil-hardhat
[11:42:30.322] ✅  [Success]Hash: 0x497e2c247a907300f86b09288f029302a436a6c336be34515379bbfc5f01bb05
[11:42:30.322] Block: 19
[11:42:30.322] Paid: 0.000055568221501188 ETH (614603 gas * 0.090413196 gwei)
[11:42:30.322] 
[11:42:30.322] 
[11:42:30.322] ##### anvil-hardhat
[11:42:30.322] ✅  [Success]Hash: 0x792409b87bf1078ac984c24cd78bb117ed9f40555804921650d562f7335ea6c3
[11:42:30.322] Block: 19
[11:42:30.322] Paid: 0.000013994877782448 ETH (154788 gas * 0.090413196 gwei)
[11:42:30.322] 
[11:42:30.322] 
[11:42:30.322] ##### anvil-hardhat
[11:42:30.322] ✅  [Success]Hash: 0x13b972b5a3d8b04b297855be90458665113f4a253b29303d74d4946bebcec816
[11:42:30.323] Contract Address: 0xB2eE1CD72F8E6d33538bA562B1141C89f286EA4C
[11:42:30.323] Block: 19
[11:42:30.323] Paid: 0.000047454993358128 ETH (524868 gas * 0.090413196 gwei)
[11:42:30.323] 
[11:42:30.323] 
[11:42:30.323] ##### anvil-hardhat
[11:42:30.323] ✅  [Success]Hash: 0xd846d76136a8171af641dba635448e9ef340036ba699b40a1a660e15bb678b55
[11:42:30.323] Block: 19
[11:42:30.323] Paid: 0.000062616653434956 ETH (692561 gas * 0.090413196 gwei)
[11:42:30.323] 
[11:42:30.323] 
[11:42:30.323] ##### anvil-hardhat
[11:42:30.323] ✅  [Success]Hash: 0x138d44502b1efaced7ec637db1940af14c4eceb9459e6fa84e0a3633f7a1b9c8
[11:42:30.323] Block: 19
[11:42:30.323] Paid: 0.000013518038586744 ETH (149514 gas * 0.090413196 gwei)
[11:42:30.323] 
[11:42:30.323] 
[11:42:30.323] ##### anvil-hardhat
[11:42:30.323] ✅  [Success]Hash: 0x60b5f2b1806d9142c37c669c601ab87a2b520b46e9209f5fa9384ea2ead3d436
[11:42:30.323] Contract Address: 0xEE915F299A6d1eFf68c6EA22E5f93cFD551936F3
[11:42:30.323] Block: 19
[11:42:30.323] Paid: 0.000047454993358128 ETH (524868 gas * 0.090413196 gwei)
[11:42:30.323] 
[11:42:30.323] 
[11:42:30.323] ##### anvil-hardhat
[11:42:30.323] ✅  [Success]Hash: 0x19c07175da319b8bb9aec8aa5dc641b350db82b1770861e3f7904b770dbd0c0b
[11:42:30.323] Contract Address: 0x94160CaFc1bA404Da309Ce37D5be3d317fA72e95
[11:42:30.323] Block: 19
[11:42:30.323] Paid: 0.000047454993358128 ETH (524868 gas * 0.090413196 gwei)
[11:42:30.323] 
[11:42:30.323] 
[11:42:30.323] ##### anvil-hardhat
[11:42:30.323] ✅  [Success]Hash: 0x5013bd4e782617d2cfcdbb75adace34c3c4a372dc2aba27a836819e4e45bf5c1
[11:42:30.323] Contract Address: 0x459242AF21390cDA6837Fc261274FBe40A33FAc3
[11:42:30.323] Block: 19
[11:42:30.323] Paid: 0.000047454993358128 ETH (524868 gas * 0.090413196 gwei)
[11:42:30.323] 
[11:42:30.323] 
[11:42:30.323] ##### anvil-hardhat
[11:42:30.323] ✅  [Success]Hash: 0xcbe3301bffd75eded5488f9db078fa2b05b579c1ec72122e011c3934756ca684
[11:42:30.323] Contract Address: 0x3116f638C14d6c7ee2943fcad8aF157169548544
[11:42:30.323] Block: 19
[11:42:30.323] Paid: 0.000055074475037832 ETH (609142 gas * 0.090413196 gwei)
[11:42:30.323] 
[11:42:30.323] 
[11:42:30.323] ##### anvil-hardhat
[11:42:30.323] ✅  [Success]Hash: 0xb13fa30661144b4ae5e0d574892003ba825bea3097135dedbfff613d7fdca780
[11:42:30.323] Contract Address: 0x8D10aA72F538672330060F1Da503804B7A91441D
[11:42:30.323] Block: 19
[11:42:30.323] Paid: 0.000025515146390376 ETH (282206 gas * 0.090413196 gwei)
[11:42:30.323] 
[11:42:30.323] 
[11:42:30.323] ##### anvil-hardhat
[11:42:30.323] ✅  [Success]Hash: 0x856bc3cd33b08cf3065f571cea78dac7547ec11c4bf49e4f1e66c08834fdd1ce
[11:42:30.323] Contract Address: 0xe9F0fb1DD35f7833C42ea605E178dfa59559ae39
[11:42:30.323] Block: 19
[11:42:30.323] Paid: 0.000047454993358128 ETH (524868 gas * 0.090413196 gwei)
[11:42:30.323] 
[11:42:30.323] 
[11:42:30.323] ##### anvil-hardhat
[11:42:30.323] ✅  [Success]Hash: 0xefcb1f4a63e1c7c1c74ac39d5f783399cbdfd6b36197f2e49f69c6b0447fed47
[11:42:30.323] Contract Address: 0x3180c679372197e4487f3152e51D646d1e1BdAD2
[11:42:30.323] Block: 19
[11:42:30.323] Paid: 0.000047454993358128 ETH (524868 gas * 0.090413196 gwei)
[11:42:30.323] 
[11:42:30.323] 
[11:42:30.323] ##### anvil-hardhat
[11:42:30.323] ✅  [Success]Hash: 0x4be762ca2f764daa0072ceffa62460d716fade75e70e6d0bfd1e70eb1599b7dc
[11:42:30.323] Contract Address: 0x13E263172E8973450DE0112D56694079dBdb0d95
[11:42:30.323] Block: 19
[11:42:30.323] Paid: 0.000047454993358128 ETH (524868 gas * 0.090413196 gwei)
[11:42:30.323] 
[11:42:30.323] 
[11:42:30.323] ##### anvil-hardhat
[11:42:30.323] ✅  [Success]Hash: 0x8c2c9d4acad759f6b36fe7c805980d3fd101030661677a11e8022ec81412327a
[11:42:30.323] Block: 19
[11:42:30.323] Paid: 0.000002579850134664 ETH (28534 gas * 0.090413196 gwei)
[11:42:30.323] 
[11:42:30.323] 
[11:42:30.323] ##### anvil-hardhat
[11:42:30.323] ✅  [Success]Hash: 0x7a54f5477867a3907b9aa1eba11204ae51f37ed7297a6746ffccd138d53c3ecb
[11:42:30.323] Block: 19
[11:42:30.323] Paid: 0.000429596854182864 ETH (4751484 gas * 0.090413196 gwei)
[11:42:30.323] 
[11:42:30.323] 
[11:42:30.323] ##### anvil-hardhat
[11:42:30.323] ✅  [Success]Hash: 0x7cc1767921cba6f544cf1f0c514df42d3a975cef7250d9097d01d28101007135
[11:42:30.323] Block: 19
[11:42:30.323] Paid: 0.000165604155081852 ETH (1831637 gas * 0.090413196 gwei)
[11:42:30.323] 
[11:42:30.323] 
[11:42:30.323] ##### anvil-hardhat
[11:42:30.323] ✅  [Success]Hash: 0xa78cedb37f674c21bfb1f33dee63a2515b103c65dd64786348c6e7a1552e757e
[11:42:30.323] Block: 19
[11:42:30.323] Paid: 0.0001144676267958 ETH (1266050 gas * 0.090413196 gwei)
[11:42:30.323] 
[11:42:30.323] 
[11:42:30.323] ##### anvil-hardhat
[11:42:30.323] ✅  [Success]Hash: 0x501fd1c3ff74991c94ae25e14db1c779f885d7962e02bab49487eae33ac3a242
[11:42:30.323] Block: 19
[11:42:30.323] Paid: 0.0001576218452466 ETH (1743350 gas * 0.090413196 gwei)
[11:42:30.323] 
[11:42:30.323] 
[11:42:30.323] ##### anvil-hardhat
[11:42:30.323] ✅  [Success]Hash: 0x163093c9d9db44fc36fac8f1e7626bcdfd14469ae9bf1030b592d2968e42bd1e
[11:42:30.323] Contract Address: 0xdb69326a379d4Ba190bCcC217708083d0E3784f9
[11:42:30.323] Block: 19
[11:42:30.323] Paid: 0.00012414907182348 ETH (1373130 gas * 0.090413196 gwei)
[11:42:30.323] 
[11:42:30.323] 
[11:42:30.323] ##### anvil-hardhat
[11:42:30.323] ✅  [Success]Hash: 0xd75a985eede1aa8d0c249f8bc4f145fa1a3a88140901d22a6917f017b4ba85ef
[11:42:30.323] Block: 19
[11:42:30.323] Paid: 0.000229014184311708 ETH (2532973 gas * 0.090413196 gwei)
[11:42:30.323] 
[11:42:30.323] 
[11:42:30.323] ##### anvil-hardhat
[11:42:30.323] ✅  [Success]Hash: 0x464479775216fcb99bd2d97168e77c525551813dcfa5733c7d84cd3567f99a54
[11:42:30.323] Block: 19
[11:42:30.323] Paid: 0.000104637994539876 ETH (1157331 gas * 0.090413196 gwei)
[11:42:30.323] 
[11:42:30.323] 
[11:42:30.323] ##### anvil-hardhat
[11:42:30.323] ✅  [Success]Hash: 0xb9067fe41e68c23c8816249f3d96d4710a33193158f91f3fafaf96f1c76ad255
[11:42:30.323] Block: 19
[11:42:30.323] Paid: 0.000026120010671616 ETH (288896 gas * 0.090413196 gwei)
[11:42:30.323] 
[11:42:30.323] 
[11:42:30.323] ##### anvil-hardhat
[11:42:30.323] ✅  [Success]Hash: 0x806e3a2d6b8fee67678855377445332c8f93de811bfc7164f43a3e94c3305c2f
[11:42:30.323] Block: 19
[11:42:30.323] Paid: 0.000006720322445484 ETH (74329 gas * 0.090413196 gwei)
[11:42:30.323] 
[11:42:30.323] 
[11:42:30.323] ##### anvil-hardhat
[11:42:30.323] ✅  [Success]Hash: 0x49fe4140bc67e4e92ac2478879e3186f2b604ddc34df5918e617a5c402cf9e9c
[11:42:30.323] Block: 19
[11:42:30.323] Paid: 0.000012387331157568 ETH (137008 gas * 0.090413196 gwei)
[11:42:30.323] 
[11:42:30.323] 
[11:42:30.323] ##### anvil-hardhat
[11:42:30.323] ✅  [Success]Hash: 0xa2db22ee54e6bc395e79491fc188dbc6b7a250ea9f10a8a15eec65a3d3a70dc7
[11:42:30.323] Block: 19
[11:42:30.323] Paid: 0.000012210211706604 ETH (135049 gas * 0.090413196 gwei)
[11:42:30.323] 
[11:42:30.323] 
[11:42:30.323] ##### anvil-hardhat
[11:42:30.323] ✅  [Success]Hash: 0x112a82330ca4808fa1438999891ed41793992b82d92fc74d9fd9153654c3a392
[11:42:30.323] Block: 19
[11:42:30.323] Paid: 0.000007520840882868 ETH (83183 gas * 0.090413196 gwei)
[11:42:30.323] 
[11:42:30.323] 
[11:42:30.323] ##### anvil-hardhat
[11:42:30.323] ✅  [Success]Hash: 0x6f00c6f8c87ad09001b4a71a464f46a8b5b4cf26f1fad7ec7412428133967652
[11:42:30.323] Block: 19
[11:42:30.323] Paid: 0.000006720322445484 ETH (74329 gas * 0.090413196 gwei)
[11:42:30.323] 
[11:42:30.323] 
[11:42:30.323] ##### anvil-hardhat
[11:42:30.323] ✅  [Success]Hash: 0xef3704094a90801fe05ade77599a85db6d9979dfa1fa3413c1222e9fd856abb9
[11:42:30.323] Block: 19
[11:42:30.323] Paid: 0.00000683930621142 ETH (75645 gas * 0.090413196 gwei)
[11:42:30.323] 
[11:42:30.323] 
[11:42:30.323] ##### anvil-hardhat
[11:42:30.323] ✅  [Success]Hash: 0xfbdcf11710e76cd584f35f797e979548d6e1b4d8df70e5e5669f5e63f3da6847
[11:42:30.323] Block: 19
[11:42:30.323] Paid: 0.0000156211399389 ETH (172775 gas * 0.090413196 gwei)
[11:42:30.323] 
[11:42:30.323] 
[11:42:30.323] ##### anvil-hardhat
[11:42:30.323] ✅  [Success]Hash: 0xb2a7d9b32dae48dcce7dc0276a1a3600dc9320ede7fc8f64ad1021e2d4c47be5
[11:42:30.323] Block: 19
[11:42:30.323] Paid: 0.000001904463560544 ETH (21064 gas * 0.090413196 gwei)
[11:42:30.323] 
[11:42:30.323] 
[11:42:30.323] ##### anvil-hardhat
[11:42:30.323] ✅  [Success]Hash: 0xd8b26f1235f213834b88ce304383f11e435f5e959453e5332cc2c991bc7506ca
[11:42:30.323] Block: 19
[11:42:30.323] Paid: 0.000014209699536144 ETH (157164 gas * 0.090413196 gwei)
[11:42:30.323] 
[11:42:30.323] 
[11:42:30.323] ##### anvil-hardhat
[11:42:30.323] ✅  [Success]Hash: 0xef4025c2dc55a9da61fd5a6127ab5cb7a29e0d7838ace0269ad3b73f5a455d93
[11:42:30.323] Block: 19
[11:42:30.323] Paid: 0.000001904463560544 ETH (21064 gas * 0.090413196 gwei)
[11:42:30.323] 
[11:42:30.323] 
[11:42:30.323] ##### anvil-hardhat
[11:42:30.324] ✅  [Success]Hash: 0x155cb9cff6cb5cf63be06ae002cdaa5d50a881d24001e17e0277aff1c59a015f
[11:42:30.324] Block: 19
[11:42:30.324] Paid: 0.00001623685380366 ETH (179585 gas * 0.090413196 gwei)
[11:42:30.324] 
[11:42:30.324] 
[11:42:30.324] 
[11:42:30.324] ==========================
[11:42:30.324] 
[11:42:30.324] ONCHAIN EXECUTION COMPLETE & SUCCESSFUL.
[11:42:30.324] Total Paid: 0.002643595144785036 ETH (29239041 gas * avg 0.090413196 gwei)
[11:42:30.638] 
[11:42:30.638] Transactions saved to: /home/colin/nm/polymerdao/monomer/e2e/optimism/packages/contracts-bedrock/broadcast/Deploy.s.sol/31337/run-latest.json
[11:42:30.638] 
[11:42:30.638] Sensitive values saved to: /home/colin/nm/polymerdao/monomer/e2e/optimism/packages/contracts-bedrock/cache/Deploy.s.sol/31337/run-latest.json
[11:42:30.638] 
5.806] 

turn] 
[09:49:41.837]     ├─ [0] console::log("ProxyAdmin deployed at %s", ProxyAdmin: [0xb693e7256b83b735cfC7304E9A25Bbe560Ec2709]) [staticcall]
[09:49:41.837]     │   └─ ← [Stop] 
[09:49:41.837]     ├─ [0] VM::stopBroadcast()
[09:49:41.837]     │   └─ ← [Return] 
[09:49:41.837]     ├─ [0] VM::startBroadcast(0xE2a7d53799A620A7d66A14FA73f7B701509B597E)
[09:49:41.837]     │   └─ ← [Return] 
[09:49:41.837]     ├─ [363] ProxyAdmin::owner() [staticcall]
[09:49:41.837]     │   └─ ← [Return] 0xE2a7d53799A620A7d66A14FA73f7B701509B597E
[09:49:41.837]     ├─ [2330] ProxyAdmin::transferOwnership(SafeProxy: [0x665280602118b1cc09bA66b7547729267Ecc57A8])
[09:49:41.837]     │   ├─ emit OwnershipTransferred(previousOwner: 0xE2a7d53799A620A7d66A14FA73f7B701509B597E, newOwner: SafeProxy: [0x665280602118b1cc09bA66b7547729267Ecc57A8])
[09:49:41.837]     │   └─ ← [Stop] 
[09:49:41.837]     ├─ [0] console::log("ProxyAdmin ownership transferred to Safe at: %s", SafeProxy: [0x665280602118b1cc09bA66b7547729267Ecc57A8]) [staticcall]
[09:49:41.837]     │   └─ ← [Stop] 
[09:49:41.837]     ├─ [0] VM::stopBroadcast()
[09:49:41.837]     │   └─ ← [Return] 
[09:49:41.837]     ├─ [0] VM::startBroadcast(0xE2a7d53799A620A7d66A14FA73f7B701509B597E)
[09:49:41.837]     │   └─ ← [Return] 
[09:49:41.837]     ├─ [0] console::log("Deploying ERC1967 proxy forSuperchainConfigProxy") [staticcall]
[09:49:41.837]     │   └─ ← [Stop] 
[09:49:41.837]     ├─ [436020] → new Proxy@0x47832dD0e9ea4Cf53b866d985c53DD4CAD964158
[09:49:41.837]     │   ├─ emit AdminChanged(previousAdmin: 0x0000000000000000000000000000000000000000, newAdmin: ProxyAdmin: [0xb693e7256b83b735cfC7304E9A25Bbe560Ec2709])
[09:49:41.837]     │   └─ ← [Return] 2059 bytes of code
[09:49:41.837]     ├─ [0] VM::load(Proxy: [0x47832dD0e9ea4Cf53b866d985c53DD4CAD964158], 0xb53127684a568b3173ae13b9f8a6016e243e63b6e8ee1178d6a717850b5d6103) [staticcall]
[09:49:41.837]     │   └─ ← [Return] 0x000000000000000000000000b693e7256b83b735cfc7304e9a25bbe560ec2709
[09:49:41.837]     ├─ [0] VM::serializeAddress("<stringified JSON>", "SuperchainConfigProxy", 0x47832dD0e9ea4Cf53b866d985c53DD4CAD964158)
[09:49:41.837]     │   └─ ← [Return] "{\"AddressManager\":\"0x70F92049C884A405DE2CfAb82Ee043fef7914f23\",\"ProxyAdmin\":\"0xb693e7256b83b735cfC7304E9A25Bbe560Ec2709\",\"SafeProxyFactory\":\"0xF2E6fb6F019D1ceE7e02Be40Cc749aD40D2fF9D5\",\"SafeSingleton\":\"0xfA67b5705a2cfe9043CeAB9fdF423E3bAd6294bE\",\"SuperchainConfigProxy\":\"0x47832dD0e9ea4Cf53b866d985c53DD4CAD964158\",\"SystemOwnerSafe\":\"0x665280602118b1cc09bA66b7547729267Ecc57A8\"}"
[09:49:41.837]     ├─ [0] VM::writeJson("<stringified JSON>", "/home/colin/nm/polymerdao/monomer/e2e/optimism/packages/contracts-bedrock/deployments/hardhat/.deploy")
[09:49:41.837]     │   └─ ← [Return] 
[09:49:41.837]     ├─ [0] console::log("   at %s", Proxy: [0x47832dD0e9ea4Cf53b866d985c53DD4CAD964158]) [staticcall]
[09:49:41.837]     │   └─ ← [Stop] 
[09:49:41.837]     ├─ [0] VM::stopBroadcast()
[09:49:41.837]     │   └─ ← [Return] 
[09:49:41.837]     ├─ [0] VM::startBroadcast(0xE2a7d53799A620A7d66A14FA73f7B701509B597E)
[09:49:41.837]     │   └─ ← [Return] 
[09:49:41.837]     ├─ [0] VM::envOr("IMPL_SALT", "ethers phoenix")
[09:49:41.837]     │   └─ ← [Return] <env var value>
[09:49:41.837]     ├─ [8937393460509919272] Create2Deployer::create2()
[09:49:41.837]     │   ├─ [8937393460509885951] → new <unknown>@0x068E44eB31e111028c41598E4535be7468674D0A
[09:49:41.838]     │   │   └─ ← [CreateCollision] 0 bytes of code
[09:49:41.838]     │   └─ ← [Revert] EvmError: Revert
[09:49:41.838]     └─ ← [Revert] EvmError: Revert
[09:49:41.838] 
[09:49:41.838] 
[09:49:41.838] 
[09:49:41.838] == Logs ==
[09:49:41.838]   Connected to network with chainid 31337
[09:49:41.838]   Storing temp deployment data in /home/colin/nm/polymerdao/monomer/e2e/optimism/packages/contracts-bedrock/deployments/hardhat/.deploy
[09:49:41.838]   DeployConfig: reading file /home/colin/nm/polymerdao/monomer/e2e/optimism/packages/contracts-bedrock/deploy-config/hardhat.json
[09:49:41.838]   Deploying from Deploy
[09:49:41.838]   Deployment context: hardhat
[09:49:41.838]   Deploying a fresh OP Stack including SuperchainConfig
[09:49:41.838]   Deploying Safe
[09:49:41.838]   New SystemOwnerSafe deployed at 0x665280602118b1cc09bA66b7547729267Ecc57A8
[09:49:41.838]   Setting up Superchain
[09:49:41.838]   Deploying AddressManager
[09:49:41.838]   AddressManager deployed at 0x70F92049C884A405DE2CfAb82Ee043fef7914f23
[09:49:41.838]   Deploying ProxyAdmin
[09:49:41.838]   ProxyAdmin deployed at 0xb693e7256b83b735cfC7304E9A25Bbe560Ec2709
[09:49:41.838]   ProxyAdmin ownership transferred to Safe at: 0x665280602118b1cc09bA66b7547729267Ecc57A8
[09:49:41.838]   Deploying ERC1967 proxy forSuperchainConfigProxy
[09:49:41.838]      at 0x47832dD0e9ea4Cf53b866d985c53DD4CAD964158
[09:49:42.015] [stderr]      at 0x47832dD0e9ea4Cf53b866d985c53DD4CAD964158
[09:49:42.015] [stderr]      at 0x47832dD0e9ea4Cf53b866d985c53DD4CAD964158
