[11:42:15.657] tx sent: 0x1ec624621ec385be271218f8e5e79d4526c0928d78ddd081ddc9ad2d5749f53b
[11:42:16.657] waiting for contract [OptimismPortal] to be deployed
[11:42:17.658] waiting for contract [OptimismPortal] to be deployed
[11:42:18.658] waiting for contract [OptimismPortal] to be deployed
[11:42:19.658] waiting for contract [OptimismPortal] to be deployed
[11:42:20.659] waiting for contract [OptimismPortal] to be deployed
[11:42:21.659] waiting for contract [OptimismPortal] to be deployed
[11:42:22.660] waiting for contract [OptimismPortal] to be deployed
[11:42:23.660] waiting for contract [OptimismPortal] to be deployed
[11:42:24.661] waiting for contract [OptimismPortal] to be deployed
[11:42:25.661] waiting for contract [OptimismPortal] to be deployed
[11:42:26.662] waiting for contract [OptimismPortal] to be deployed
[11:42:27.662] waiting for contract [OptimismPortal] to be deployed
[11:42:28.663] waiting for contract [OptimismPortal] to be deployed
[11:42:29.664] waiting for contract [OptimismPortal] to be deployed
[11:42:30.665] waiting for contract [OptimismPortal] to be deployed
[11:42:30.666] found contract [OptimismPortal]
portal created
User nonce:  1
[11:42:30.667] deposit tx sent: 0x8d3d04d34419a466561cdb96c36a692c53b7d29b7940e4b9340071e9c3e0dabd
[11:42:31.668] waiting for receipt [depositTx] to be mined
[11:42:31.668] found receipt [depositTx]
[11:42:31.668] deposit receipt:

{
  "root": "0xc14665801710c1189a162395b7a4025256923265cffa448111ddd8eab645bd75",
  "status": "0x1",
  "cumulativeGasUsed": "0x44013",
  "logsBloom": "0x00000000000000000200000000000000000000000000000000000000000000000000000000000000000000000000000000400100000000000000000000000000000000000000000000000002000000000000000000000000000000000000000000000000020000000000000000000800000000000000000000000000000000000000000000000000000000000000000000000080000000000000000000000000000040000000000000000000000000000000000000000000000000000000000000000000000080000000000000000000000000000000000000000000000020000000000000000000000000002000000000000000080000000000000000000000",
  "logs": [
    {
      "address": "0xee915f299a6d1eff68c6ea22e5f93cfd551936f3",
      "topics": [
        "0xb3813568d9991fc951961fcb4c784893574240a28925604d09fc577c55bb7c32",
        "0x000000000000000000000000fa42202126bd6c02d90113195e6f6c00703c9077",
        "0x000000000000000000000000fa42202126bd6c02d90113195e6f6c00703c9077",
        "0x0000000000000000000000000000000000000000000000000000000000000000"
      ],
      "data": "0x000000000000000000000000000000000000000000000000000000000000002000000000000000000000000000000000000000000000000000000000000000490000000000000000000000000000000000000000000000000de0b6b3a764000000000000000000000000000000000000000000000000000006f05b59d3b20000000000000003d090000000000000000000000000000000000000000000000000",
      "blockNumber": "0x14",
      "transactionHash": "0x8d3d04d34419a466561cdb96c36a692c53b7d29b7940e4b9340071e9c3e0dabd",
      "transactionIndex": "0x0",
      "blockHash": "0x47b0ffeaef6e019e78197a32cff9eb3f87df71cbb551d155a9296d8b6690fd17",
      "logIndex": "0x0",
      "removed": false
    }
  ],
  "transactionHash": "0x8d3d04d34419a466561cdb96c36a692c53b7d29b7940e4b9340071e9c3e0dabd",
  "contractAddress": "0x0000000000000000000000000000000000000000",
  "gasUsed": "0x44013",
  "effectiveGasPrice": "0x5e8b3609",
  "blobGasPrice": "0x1",
  "blockHash": "0x47b0ffeaef6e019e78197a32cff9eb3f87df71cbb551d155a9296d8b6690fd17",
  "blockNumber": "0x14",
  "transactionIndex": "0x0"
}
